#
# A fatal error has been detected by the Java Runtime Environment:
#
#  SIGSEGV (0xb) at pc=0x00007f10e75f532f, pid=5333, tid=0x00007f10d79c4700
#
# JRE version: OpenJDK Runtime Environment (8.0_144-b01) (build 1.8.0_144-b01)
# Java VM: OpenJDK 64-Bit Server VM (25.144-b01 mixed mode linux-amd64 compressed oops)
# Problematic frame:
# C  [libX11.so.6+0x4f32f]  XSetICFocus+0xf
#
# Core dump written. Default location: /home/kkcckc/NetBeansProjects/lab1/core or core.5333
#
# If you would like to submit a bug report, please visit:
#   http://bugreport.java.com/bugreport/crash.jsp
# The crash happened outside the Java Virtual Machine in native code.
# See problematic frame for where to report the bug.
#

---------------  T H R E A D  ---------------

Current thread (0x00007f110c29b000):  JavaThread "JavaFX Application Thread" [_thread_in_native, id=5358, stack(0x00007f10d78c4000,0x00007f10d79c5000)]

siginfo: si_signo: 11 (SIGSEGV), si_code: 1 (SEGV_MAPERR), si_addr: 0x0000000000000008

Registers:
RAX=0x0000000000000000, RBX=0x00007f1090280850, RCX=0x00007f1090280850, RDX=0x00007f10d79e82c8
RSP=0x00007f10d79c3638, RBP=0x00007f10d79c3660, RSI=0x00007f10905482c0, RDI=0x00007f1090621f00
R8 =0x00007f1090280850, R9 =0x00007f10d7bee100, R10=0x00007f111434df90, R11=0x0000000000000050
R12=0x00007f10905482c0, R13=0x00007f110c28f5a0, R14=0x0000000000000000, R15=0x0000000000000000
RIP=0x00007f10e75f532f, EFLAGS=0x0000000000010202, CSGSFS=0x002b000000000033, ERR=0x0000000000000004
  TRAPNO=0x000000000000000e

Top of Stack: (sp=0x00007f10d79c3638)
0x00007f10d79c3638:   00007f10d79d822b 00007f10904fce80
0x00007f10d79c3648:   00007f1090280850 00007f10905482c0
0x00007f10d79c3658:   00007f110c28f5a0 00007f10d79c36a0
0x00007f10d79c3668:   00007f10d79e3ca7 00007f1090280850
0x00007f10d79c3678:   00007f110c292550 00007f10905482c0
0x00007f10d79c3688:   0000000000000000 00007f110c25f8c0
0x00007f10d79c3698:   00007f110c292550 0000000000000000
0x00007f10d79c36a8:   00007f10eda5a46c 00007f110c292640
0x00007f10d79c36b8:   00007f10e7b35a57 0000000000000000
0x00007f10d79c36c8:   00000000d79c36d4 00007f10eda5a420
0x00007f10d79c36d8:   00007f109001a210 00007f10d79c36f8
0x00007f10d79c36e8:   00007f10d79c3700 00007f109c0030e0
0x00007f10d79c36f8:   0000000000000000 0000000000000000
0x00007f10d79c3708:   06a9a8e3205f4300 00007f109001c7e0
0x00007f10d79c3718:   00007f110c292640 0000000000000001
0x00007f10d79c3728:   00007f109001c7e0 0000000000000000
0x00007f10d79c3738:   00007f10e7b45140 0000000000000002
0x00007f10d79c3748:   00007f10e7b35c88 00007f109001b270
0x00007f10d79c3758:   000000010c292640 0000000000000000
0x00007f10d79c3768:   06a9a8e3205f4300 00007f110c29b000
0x00007f10d79c3778:   00007f109001b270 00007f109001b27c
0x00007f10d79c3788:   0000000000000000 00007f109001b270
0x00007f10d79c3798:   00007f10d79c3910 00007f110c29b000
0x00007f10d79c37a8:   00007f10e7b35fa2 0000000000000000
0x00007f10d79c37b8:   00007f109800b0e0 0000000000000000
0x00007f10d79c37c8:   0000000000000000 00007f10d79c3870
0x00007f10d79c37d8:   00007f10edde23a7 00007f10d79c3860
0x00007f10d79c37e8:   00007f1113900dbf 00007f110c29b000
0x00007f10d79c37f8:   06a9a8e3205f4300 00007f10edcb3334
0x00007f10d79c3808:   0000000000000001 00007f10edcb3648
0x00007f10d79c3818:   06a9a8e3205f4300 00007f10eda617a0
0x00007f10d79c3828:   00007f110c29b1e0 00007f10d79c3870 

Instructions: (pc=0x00007f10e75f532f)
0x00007f10e75f530f:   fc ff 0f 1f 44 00 00 66 2e 0f 1f 84 00 00 00 00
0x00007f10e75f531f:   00 48 85 ff 74 13 48 83 7f 08 00 74 0c 48 8b 07
0x00007f10e75f532f:   ff 60 08 66 0f 1f 44 00 00 f3 c3 66 0f 1f 44 00
0x00007f10e75f533f:   00 48 83 7f 08 00 74 09 48 8b 07 ff 60 10 0f 1f 

Register to memory mapping:

RAX=0x0000000000000000 is an unknown value
RBX=0x00007f1090280850 is an unknown value
RCX=0x00007f1090280850 is an unknown value
RDX=0x00007f10d79e82c8: <offset 0x232c8> in /usr/lib/jvm/java-8-openjdk/jre/lib/amd64/libglass.so at 0x00007f10d79c5000
RSP=0x00007f10d79c3638 is pointing into the stack for thread: 0x00007f110c29b000
RBP=0x00007f10d79c3660 is pointing into the stack for thread: 0x00007f110c29b000
RSI=0x00007f10905482c0 is an unknown value
RDI=0x00007f1090621f00 is an unknown value
R8 =0x00007f1090280850 is an unknown value
R9 =0x00007f10d7bee100: _ZTI13WindowContext+0 in /usr/lib/jvm/java-8-openjdk/jre/lib/amd64/libglass.so at 0x00007f10d79c5000
R10=0x00007f111434df90: <offset 0x132f90> in /usr/lib/libc.so.6 at 0x00007f111421b000
R11=0x0000000000000050 is an unknown value
R12=0x00007f10905482c0 is an unknown value
R13=0x00007f110c28f5a0 is an unknown value
R14=0x0000000000000000 is an unknown value
R15=0x0000000000000000 is an unknown value


Stack: [0x00007f10d78c4000,0x00007f10d79c5000],  sp=0x00007f10d79c3638,  free space=1021k
Native frames: (J=compiled Java code, j=interpreted, Vv=VM code, C=native code)
C  [libX11.so.6+0x4f32f]  XSetICFocus+0xf
C  [libglass.so+0x1eca7]
C  [libgdk-x11-2.0.so.0+0x5b46c]

Java frames: (J=compiled Java code, j=interpreted, Vv=VM code)
j  com.sun.glass.ui.gtk.GtkApplication._runLoop(Ljava/lang/Runnable;Z)V+0
j  com.sun.glass.ui.gtk.GtkApplication.lambda$null$5(Ljava/lang/Runnable;Z)V+7
j  com.sun.glass.ui.gtk.GtkApplication$$Lambda$41.run()V+12
j  java.lang.Thread.run()V+11
v  ~StubRoutines::call_stub

---------------  P R O C E S S  ---------------

Java Threads: ( => current thread )
  0x00007f1080047800 JavaThread "process reaper" daemon [_thread_blocked, id=5371, stack(0x00007f1084c82000,0x00007f1084cbb000)]
  0x00007f1090279000 JavaThread "Prism Font Disposer" daemon [_thread_blocked, id=5360, stack(0x00007f10d51d0000,0x00007f10d52d1000)]
  0x00007f110c29e800 JavaThread "JavaFX-Launcher" [_thread_blocked, id=5359, stack(0x00007f10d77c3000,0x00007f10d78c4000)]
=>0x00007f110c29b000 JavaThread "JavaFX Application Thread" [_thread_in_native, id=5358, stack(0x00007f10d78c4000,0x00007f10d79c5000)]
  0x00007f110c297800 JavaThread "Thread-1" daemon [_thread_blocked, id=5357, stack(0x00007f10ec02a000,0x00007f10ec12b000)]
  0x00007f110c240000 JavaThread "QuantumRenderer-0" daemon [_thread_blocked, id=5356, stack(0x00007f10ee501000,0x00007f10ee602000)]
  0x00007f110c0d3000 JavaThread "Service Thread" daemon [_thread_blocked, id=5354, stack(0x00007f10ee799000,0x00007f10ee89a000)]
  0x00007f110c0c8000 JavaThread "C1 CompilerThread3" daemon [_thread_blocked, id=5353, stack(0x00007f10ee89a000,0x00007f10ee99b000)]
  0x00007f110c0c5800 JavaThread "C2 CompilerThread2" daemon [_thread_blocked, id=5352, stack(0x00007f10ee99b000,0x00007f10eea9c000)]
  0x00007f110c0c4000 JavaThread "C2 CompilerThread1" daemon [_thread_blocked, id=5351, stack(0x00007f10eea9c000,0x00007f10eeb9d000)]
  0x00007f110c0c1000 JavaThread "C2 CompilerThread0" daemon [_thread_blocked, id=5350, stack(0x00007f10eeb9d000,0x00007f10eec9e000)]
  0x00007f110c0bf800 JavaThread "Signal Dispatcher" daemon [_thread_blocked, id=5349, stack(0x00007f10eec9e000,0x00007f10eed9f000)]
  0x00007f110c08d000 JavaThread "Finalizer" daemon [_thread_blocked, id=5348, stack(0x00007f10ef0f1000,0x00007f10ef1f2000)]
  0x00007f110c088800 JavaThread "Reference Handler" daemon [_thread_blocked, id=5347, stack(0x00007f10ef1f2000,0x00007f10ef2f3000)]
  0x00007f110c00b000 JavaThread "main" [_thread_blocked, id=5337, stack(0x00007f1114f0b000,0x00007f111500c000)]

Other Threads:
  0x00007f110c081000 VMThread [stack: 0x00007f10ef2f3000,0x00007f10ef3f4000] [id=5346]
  0x00007f110c0d5800 WatcherThread [stack: 0x00007f10ee698000,0x00007f10ee799000] [id=5355]

VM state:not at safepoint (normal execution)

VM Mutex/Monitor currently owned by a thread: None

Heap:
 PSYoungGen      total 252416K, used 40564K [0x00000000d6d00000, 0x00000000e9500000, 0x0000000100000000)
  eden space 238080K, 13% used [0x00000000d6d00000,0x00000000d8c6f568,0x00000000e5580000)
  from space 14336K, 58% used [0x00000000e5580000,0x00000000e5dadd40,0x00000000e6380000)
  to   space 13824K, 0% used [0x00000000e8780000,0x00000000e8780000,0x00000000e9500000)
 ParOldGen       total 56320K, used 19576K [0x0000000084600000, 0x0000000087d00000, 0x00000000d6d00000)
  object space 56320K, 34% used [0x0000000084600000,0x000000008591e320,0x0000000087d00000)
 Metaspace       used 23560K, capacity 25022K, committed 25264K, reserved 1071104K
  class space    used 3080K, capacity 3401K, committed 3504K, reserved 1048576K

Card table byte_map: [0x00007f1111713000,0x00007f1111af1000] byte_map_base: 0x00007f11112f0000

Marking Bits: (ParMarkBitMap*) 0x00007f11141fe120
 Begin Bits: [0x00007f10f4230000, 0x00007f10f6118000)
 End Bits:   [0x00007f10f6118000, 0x00007f10f8000000)

Polling page: 0x00007f111503b000

CodeCache: size=245760Kb used=15029Kb max_used=16509Kb free=230730Kb
 bounds [0x00007f10fd000000, 0x00007f10fe090000, 0x00007f110c000000]
 total_blobs=5386 nmethods=4699 adapters=600
 compilation: enabled

Compilation events (10 events):
Event: 91.809 Thread 0x00007f110c0c8000 5760       1       javafx.scene.input.KeyCode::impl_getCode (5 bytes)
Event: 91.809 Thread 0x00007f110c0c8000 nmethod 5760 0x00007f10fd5cb590 code [0x00007f10fd5cb6e0, 0x00007f10fd5cb7f0]
Event: 94.058 Thread 0x00007f110c0c4000 5761       4       com.sun.prism.es2.BufferFactory::getDirectBufferByteOffset (131 bytes)
Event: 94.059 Thread 0x00007f110c0c4000 nmethod 5761 0x00007f10fdba40d0 code [0x00007f10fdba4220, 0x00007f10fdba42f8]
Event: 94.097 Thread 0x00007f110c0c8000 5762       3       java.lang.invoke.Invokers::checkGenericType (16 bytes)
Event: 94.100 Thread 0x00007f110c0c8000 nmethod 5762 0x00007f10fd5cac10 code [0x00007f10fd5cada0, 0x00007f10fd5cb3a8]
Event: 94.100 Thread 0x00007f110c0c8000 5763       3       java.lang.invoke.Invokers::checkCustomized (20 bytes)
Event: 94.101 Thread 0x00007f110c0c8000 nmethod 5763 0x00007f10fd9ef810 code [0x00007f10fd9ef980, 0x00007f10fd9efc28]
Event: 94.101 Thread 0x00007f110c0c8000 5764       3       java.lang.invoke.LambdaForm$BMH/33891305::reinvoke (89 bytes)
Event: 94.101 Thread 0x00007f110c0c8000 nmethod 5764 0x00007f10fd816650 code [0x00007f10fd816900, 0x00007f10fd817de8]

GC Heap History (10 events):
Event: 53.011 GC heap before
{Heap before GC invocations=6 (full 1):
 PSYoungGen      total 110080K, used 107587K [0x00000000d6d00000, 0x00000000df300000, 0x0000000100000000)
  eden space 104960K, 97% used [0x00000000d6d00000,0x00000000dd1185f8,0x00000000dd380000)
  from space 5120K, 99% used [0x00000000dee00000,0x00000000df2f8618,0x00000000df300000)
  to   space 5120K, 0% used [0x00000000de900000,0x00000000de900000,0x00000000dee00000)
 ParOldGen       total 56320K, used 13207K [0x0000000084600000, 0x0000000087d00000, 0x00000000d6d00000)
  object space 56320K, 23% used [0x0000000084600000,0x00000000852e5e90,0x0000000087d00000)
 Metaspace       used 23335K, capacity 24774K, committed 25008K, reserved 1071104K
  class space    used 3078K, capacity 3397K, committed 3504K, reserved 1048576K
Event: 53.020 GC heap after
Heap after GC invocations=6 (full 1):
 PSYoungGen      total 132096K, used 5110K [0x00000000d6d00000, 0x00000000e2a80000, 0x0000000100000000)
  eden space 126976K, 0% used [0x00000000d6d00000,0x00000000d6d00000,0x00000000de900000)
  from space 5120K, 99% used [0x00000000de900000,0x00000000dedfdb00,0x00000000dee00000)
  to   space 13824K, 0% used [0x00000000e1d00000,0x00000000e1d00000,0x00000000e2a80000)
 ParOldGen       total 56320K, used 19552K [0x0000000084600000, 0x0000000087d00000, 0x00000000d6d00000)
  object space 56320K, 34% used [0x0000000084600000,0x0000000085918320,0x0000000087d00000)
 Metaspace       used 23335K, capacity 24774K, committed 25008K, reserved 1071104K
  class space    used 3078K, capacity 3397K, committed 3504K, reserved 1048576K
}
Event: 58.211 GC heap before
{Heap before GC invocations=7 (full 1):
 PSYoungGen      total 132096K, used 130256K [0x00000000d6d00000, 0x00000000e2a80000, 0x0000000100000000)
  eden space 126976K, 98% used [0x00000000d6d00000,0x00000000de7368e0,0x00000000de900000)
  from space 5120K, 99% used [0x00000000de900000,0x00000000dedfdb00,0x00000000dee00000)
  to   space 13824K, 0% used [0x00000000e1d00000,0x00000000e1d00000,0x00000000e2a80000)
 ParOldGen       total 56320K, used 19552K [0x0000000084600000, 0x0000000087d00000, 0x00000000d6d00000)
  object space 56320K, 34% used [0x0000000084600000,0x0000000085918320,0x0000000087d00000)
 Metaspace       used 23373K, capacity 24794K, committed 25008K, reserved 1071104K
  class space    used 3078K, capacity 3397K, committed 3504K, reserved 1048576K
Event: 58.219 GC heap after
Heap after GC invocations=7 (full 1):
 PSYoungGen      total 180736K, used 8247K [0x00000000d6d00000, 0x00000000e4300000, 0x0000000100000000)
  eden space 166912K, 0% used [0x00000000d6d00000,0x00000000d6d00000,0x00000000e1000000)
  from space 13824K, 59% used [0x00000000e1d00000,0x00000000e250dd40,0x00000000e2a80000)
  to   space 13312K, 0% used [0x00000000e1000000,0x00000000e1000000,0x00000000e1d00000)
 ParOldGen       total 56320K, used 19560K [0x0000000084600000, 0x0000000087d00000, 0x00000000d6d00000)
  object space 56320K, 34% used [0x0000000084600000,0x000000008591a320,0x0000000087d00000)
 Metaspace       used 23373K, capacity 24794K, committed 25008K, reserved 1071104K
  class space    used 3078K, capacity 3397K, committed 3504K, reserved 1048576K
}
Event: 67.386 GC heap before
{Heap before GC invocations=8 (full 1):
 PSYoungGen      total 180736K, used 175159K [0x00000000d6d00000, 0x00000000e4300000, 0x0000000100000000)
  eden space 166912K, 100% used [0x00000000d6d00000,0x00000000e1000000,0x00000000e1000000)
  from space 13824K, 59% used [0x00000000e1d00000,0x00000000e250dd40,0x00000000e2a80000)
  to   space 13312K, 0% used [0x00000000e1000000,0x00000000e1000000,0x00000000e1d00000)
 ParOldGen       total 56320K, used 19560K [0x0000000084600000, 0x0000000087d00000, 0x00000000d6d00000)
  object space 56320K, 34% used [0x0000000084600000,0x000000008591a320,0x0000000087d00000)
 Metaspace       used 23420K, capacity 24870K, committed 25008K, reserved 1071104K
  class space    used 3078K, capacity 3397K, committed 3504K, reserved 1048576K
Event: 67.396 GC heap after
Heap after GC invocations=8 (full 1):
 PSYoungGen      total 180224K, used 11287K [0x00000000d6d00000, 0x00000000e7400000, 0x0000000100000000)
  eden space 166912K, 0% used [0x00000000d6d00000,0x00000000d6d00000,0x00000000e1000000)
  from space 13312K, 84% used [0x00000000e1000000,0x00000000e1b05f80,0x00000000e1d00000)
  to   space 13824K, 0% used [0x00000000e6680000,0x00000000e6680000,0x00000000e7400000)
 ParOldGen       total 56320K, used 19568K [0x0000000084600000, 0x0000000087d00000, 0x00000000d6d00000)
  object space 56320K, 34% used [0x0000000084600000,0x000000008591c320,0x0000000087d00000)
 Metaspace       used 23420K, capacity 24870K, committed 25008K, reserved 1071104K
  class space    used 3078K, capacity 3397K, committed 3504K, reserved 1048576K
}
Event: 74.931 GC heap before
{Heap before GC invocations=9 (full 1):
 PSYoungGen      total 180224K, used 176757K [0x00000000d6d00000, 0x00000000e7400000, 0x0000000100000000)
  eden space 166912K, 99% used [0x00000000d6d00000,0x00000000e0e977e0,0x00000000e1000000)
  from space 13312K, 84% used [0x00000000e1000000,0x00000000e1b05f80,0x00000000e1d00000)
  to   space 13824K, 0% used [0x00000000e6680000,0x00000000e6680000,0x00000000e7400000)
 ParOldGen       total 56320K, used 19568K [0x0000000084600000, 0x0000000087d00000, 0x00000000d6d00000)
  object space 56320K, 34% used [0x0000000084600000,0x000000008591c320,0x0000000087d00000)
 Metaspace       used 23465K, capacity 24934K, committed 25264K, reserved 1071104K
  class space    used 3078K, capacity 3397K, committed 3504K, reserved 1048576K
Event: 74.942 GC heap after
Heap after GC invocations=9 (full 1):
 PSYoungGen      total 242176K, used 11255K [0x00000000d6d00000, 0x00000000e7180000, 0x0000000100000000)
  eden space 230912K, 0% used [0x00000000d6d00000,0x00000000d6d00000,0x00000000e4e80000)
  from space 11264K, 99% used [0x00000000e6680000,0x00000000e717df80,0x00000000e7180000)
  to   space 14336K, 0% used [0x00000000e5580000,0x00000000e5580000,0x00000000e6380000)
 ParOldGen       total 56320K, used 19576K [0x0000000084600000, 0x0000000087d00000, 0x00000000d6d00000)
  object space 56320K, 34% used [0x0000000084600000,0x000000008591e320,0x0000000087d00000)
 Metaspace       used 23465K, capacity 24934K, committed 25264K, reserved 1071104K
  class space    used 3078K, capacity 3397K, committed 3504K, reserved 1048576K
}
Event: 83.187 GC heap before
{Heap before GC invocations=10 (full 1):
 PSYoungGen      total 242176K, used 242167K [0x00000000d6d00000, 0x00000000e7180000, 0x0000000100000000)
  eden space 230912K, 100% used [0x00000000d6d00000,0x00000000e4e80000,0x00000000e4e80000)
  from space 11264K, 99% used [0x00000000e6680000,0x00000000e717df80,0x00000000e7180000)
  to   space 14336K, 0% used [0x00000000e5580000,0x00000000e5580000,0x00000000e6380000)
 ParOldGen       total 56320K, used 19576K [0x0000000084600000, 0x0000000087d00000, 0x00000000d6d00000)
  object space 56320K, 34% used [0x0000000084600000,0x000000008591e320,0x0000000087d00000)
 Metaspace       used 23541K, capacity 24998K, committed 25264K, reserved 1071104K
  class space    used 3078K, capacity 3397K, committed 3504K, reserved 1048576K
Event: 83.196 GC heap after
Heap after GC invocations=10 (full 1):
 PSYoungGen      total 252416K, used 8375K [0x00000000d6d00000, 0x00000000e9500000, 0x0000000100000000)
  eden space 238080K, 0% used [0x00000000d6d00000,0x00000000d6d00000,0x00000000e5580000)
  from space 14336K, 58% used [0x00000000e5580000,0x00000000e5dadd40,0x00000000e6380000)
  to   space 13824K, 0% used [0x00000000e8780000,0x00000000e8780000,0x00000000e9500000)
 ParOldGen       total 56320K, used 19576K [0x0000000084600000, 0x0000000087d00000, 0x00000000d6d00000)
  object space 56320K, 34% used [0x0000000084600000,0x000000008591e320,0x0000000087d00000)
 Metaspace       used 23541K, capacity 24998K, committed 25264K, reserved 1071104K
  class space    used 3078K, capacity 3397K, committed 3504K, reserved 1048576K
}

Deoptimization events (10 events):
Event: 33.667 Thread 0x00007f110c240000 Uncommon trap: reason=unstable_if action=reinterpret pc=0x00007f10fdbd80b8 method=com.sun.javafx.sg.prism.NGGroup.computeRenderRoot(Lcom/sun/javafx/sg/prism/NodePath;Lcom/sun/javafx/geom/RectBounds;ILcom/sun/javafx/geom/transform/BaseTransform;Lcom/sun/ja
Event: 33.667 Thread 0x00007f110c240000 Uncommon trap: reason=unstable_if action=reinterpret pc=0x00007f10fdbd80b8 method=com.sun.javafx.sg.prism.NGGroup.computeRenderRoot(Lcom/sun/javafx/sg/prism/NodePath;Lcom/sun/javafx/geom/RectBounds;ILcom/sun/javafx/geom/transform/BaseTransform;Lcom/sun/ja
Event: 38.531 Thread 0x00007f110c240000 Uncommon trap: reason=null_check action=make_not_entrant pc=0x00007f10fd509838 method=com.sun.prism.impl.BaseResourcePool$WeakLinkedList.getResource()Lcom/sun/prism/impl/ManagedResource; @ 7
Event: 38.531 Thread 0x00007f110c240000 Uncommon trap: reason=unstable_if action=reinterpret pc=0x00007f10fdb67c44 method=com.sun.prism.impl.ManagedResource._isgone(Lcom/sun/prism/impl/ManagedResource;)Z @ 1
Event: 50.623 Thread 0x00007f110c240000 Uncommon trap: reason=unstable_if action=reinterpret pc=0x00007f10fd1a65b0 method=com.sun.prism.impl.ManagedResource.isLocked()Z @ 4
Event: 52.818 Thread 0x00007f110c240000 Uncommon trap: reason=unstable_if action=reinterpret pc=0x00007f10fd8c6b98 method=com.sun.prism.impl.ManagedResource.isValid()Z @ 4
Event: 53.705 Thread 0x00007f110c240000 Uncommon trap: reason=unstable_if action=reinterpret pc=0x00007f10fded69b4 method=com.sun.prism.impl.ManagedResource.isValid()Z @ 4
Event: 53.705 Thread 0x00007f110c240000 Uncommon trap: reason=unstable_if action=reinterpret pc=0x00007f10fddc8654 method=com.sun.prism.impl.ManagedResource.isValid()Z @ 4
Event: 58.115 Thread 0x00007f110c29b000 Uncommon trap: reason=unstable_if action=reinterpret pc=0x00007f10fd9176e4 method=com.sun.javafx.text.TextRun.getWidth()F @ 19
Event: 94.136 Thread 0x00007f110c240000 Uncommon trap: reason=unstable_if action=reinterpret pc=0x00007f10fdfa5484 method=com.sun.prism.impl.ManagedResource.isValid()Z @ 4

Internal exceptions (10 events):
Event: 30.275 Thread 0x00007f1090614800 Implicit null exception at 0x00007f10fd71e888 to 0x00007f10fd71e941
Event: 30.281 Thread 0x00007f110c29b000 Implicit null exception at 0x00007f10fdf3b7df to 0x00007f10fdf3c4d9
Event: 30.288 Thread 0x00007f110c29b000 Implicit null exception at 0x00007f10fdc77150 to 0x00007f10fdc77979
Event: 32.615 Thread 0x00007f110c29b000 Implicit null exception at 0x00007f10fdc6b1d1 to 0x00007f10fdc6b649
Event: 32.616 Thread 0x00007f110c29b000 Implicit null exception at 0x00007f10fddfccb4 to 0x00007f10fddfd53d
Event: 32.616 Thread 0x00007f110c29b000 Implicit null exception at 0x00007f10fde95d3f to 0x00007f10fde963a3
Event: 32.627 Thread 0x00007f110c29b000 Implicit null exception at 0x00007f10fde52f50 to 0x00007f10fde53651
Event: 32.676 Thread 0x00007f110c240000 Implicit null exception at 0x00007f10fdf58944 to 0x00007f10fdf5afe1
Event: 38.531 Thread 0x00007f110c240000 Implicit null exception at 0x00007f10fd509727 to 0x00007f10fd50981d
Event: 38.531 Thread 0x00007f110c240000 Implicit null exception at 0x00007f10fdb67bec to 0x00007f10fdb67c35

Events (10 events):
Event: 94.097 loading class com/sun/glass/ui/Screen done
Event: 94.097 loading class com/sun/javafx/tk/quantum/GlassWindowEventHandler
Event: 94.097 loading class com/sun/javafx/tk/quantum/GlassWindowEventHandler done
Event: 94.099 loading class com/sun/glass/ui/Screen
Event: 94.099 loading class com/sun/glass/ui/Screen done
Event: 94.099 loading class com/sun/javafx/tk/quantum/GlassWindowEventHandler
Event: 94.099 loading class com/sun/javafx/tk/quantum/GlassWindowEventHandler done
Event: 94.136 Thread 0x00007f110c240000 Uncommon trap: trap_request=0xffffff65 fr.pc=0x00007f10fdfa5484
Event: 94.136 Thread 0x00007f110c240000 DEOPT PACKING pc=0x00007f10fdfa5484 sp=0x00007f10ee5ffd00
Event: 94.136 Thread 0x00007f110c240000 DEOPT UNPACKING pc=0x00007f10fd004f69 sp=0x00007f10ee5ffba8 mode 2


Dynamic libraries:
84600000-87d00000 rw-p 00000000 00:00 0 
87d00000-d6d00000 ---p 00000000 00:00 0 
d6d00000-e9500000 rw-p 00000000 00:00 0 
e9500000-100000000 ---p 00000000 00:00 0 
100000000-10036c000 rw-p 00000000 00:00 0 
10036c000-140000000 ---p 00000000 00:00 0 
55dea2b58000-55dea2b59000 r-xp 00000000 08:15 269695                     /usr/lib/jvm/java-8-openjdk/jre/bin/java
55dea2d58000-55dea2d59000 r--p 00000000 08:15 269695                     /usr/lib/jvm/java-8-openjdk/jre/bin/java
55dea2d59000-55dea2d5a000 rw-p 00001000 08:15 269695                     /usr/lib/jvm/java-8-openjdk/jre/bin/java
55dea330f000-55dea3330000 rw-p 00000000 00:00 0                          [heap]
7f1069700000-7f1069e00000 rw-s 10f8a1000 00:06 17354                     /dev/dri/renderD128
7f1069e00000-7f106a500000 rw-s 10f1a1000 00:06 17354                     /dev/dri/renderD128
7f106a500000-7f106ac00000 rw-s 10eaa1000 00:06 17354                     /dev/dri/renderD128
7f106ac00000-7f106b300000 rw-s 102da1000 00:06 17354                     /dev/dri/renderD128
7f106b300000-7f106ba00000 rw-s 10dca1000 00:06 17354                     /dev/dri/renderD128
7f106ba00000-7f106c100000 rw-s 10d5a1000 00:06 17354                     /dev/dri/renderD128
7f106c100000-7f106c800000 rw-s 10cea1000 00:06 17354                     /dev/dri/renderD128
7f106c800000-7f106cf00000 rw-s 10c7a1000 00:06 17354                     /dev/dri/renderD128
7f106cf00000-7f106d600000 rw-s 1065a1000 00:06 17354                     /dev/dri/renderD128
7f106d600000-7f106dd00000 rw-s 10b9a1000 00:06 17354                     /dev/dri/renderD128
7f106dd00000-7f106e400000 rw-s 10b2a1000 00:06 17354                     /dev/dri/renderD128
7f106e400000-7f106eb00000 rw-s 10aba1000 00:06 17354                     /dev/dri/renderD128
7f106eb00000-7f106f200000 rw-s 10a4a1000 00:06 17354                     /dev/dri/renderD128
7f106f200000-7f106f900000 rw-s 1096a1000 00:06 17354                     /dev/dri/renderD128
7f106f900000-7f1070000000 rw-s 108fa1000 00:06 17354                     /dev/dri/renderD128
7f1070000000-7f107006a000 rw-p 00000000 00:00 0 
7f107006a000-7f1074000000 ---p 00000000 00:00 0 
7f1074100000-7f1074800000 rw-s 103ba1000 00:06 17354                     /dev/dri/renderD128
7f1074800000-7f1074f00000 rw-s 1088a1000 00:06 17354                     /dev/dri/renderD128
7f1074f00000-7f1075600000 rw-s 1081a1000 00:06 17354                     /dev/dri/renderD128
7f1075600000-7f1075d00000 rw-s 1073a1000 00:06 17354                     /dev/dri/renderD128
7f1076400000-7f1076b00000 rw-s 10e3a1000 00:06 17354                     /dev/dri/renderD128
7f1076b00000-7f1077200000 rw-s 10c0a1000 00:06 17354                     /dev/dri/renderD128
7f1077200000-7f1077900000 rw-s 105ea1000 00:06 17354                     /dev/dri/renderD128
7f1077900000-7f1078000000 rw-s 1034a1000 00:06 17354                     /dev/dri/renderD128
7f1078000000-7f1078062000 rw-p 00000000 00:00 0 
7f1078062000-7f107c000000 ---p 00000000 00:00 0 
7f107c5fc000-7f107ccfc000 rw-s 1050a1000 00:06 17354                     /dev/dri/renderD128
7f107ccfc000-7f107d3fc000 rw-s 1049a1000 00:06 17354                     /dev/dri/renderD128
7f107d3fc000-7f107dafc000 rw-s 1042a1000 00:06 17354                     /dev/dri/renderD128
7f107dafc000-7f107e1fc000 rw-s 107aa1000 00:06 17354                     /dev/dri/renderD128
7f107e1fc000-7f107e8fc000 rw-s 106ca1000 00:06 17354                     /dev/dri/renderD128
7f107e8fc000-7f107effc000 rw-s 1057a1000 00:06 17354                     /dev/dri/renderD128
7f107effc000-7f1080000000 r--p 00000000 08:15 414167                     /usr/share/fonts/wenquanyi/wqy-zenhei/wqy-zenhei.ttc
7f1080000000-7f1080072000 rw-p 00000000 00:00 0 
7f1080072000-7f1084000000 ---p 00000000 00:00 0 
7f1084481000-7f1084484000 ---p 00000000 00:00 0 
7f1084484000-7f1084582000 rw-p 00000000 00:00 0 
7f1084582000-7f1084c82000 rw-s 1026a1000 00:06 17354                     /dev/dri/renderD128
7f1084c82000-7f1084c85000 ---p 00000000 00:00 0 
7f1084c85000-7f1084cbb000 rw-p 00000000 00:00 0 
7f1084cbb000-7f1085cbf000 r--p 00000000 08:15 414167                     /usr/share/fonts/wenquanyi/wqy-zenhei/wqy-zenhei.ttc
7f1085cbf000-7f1086cc3000 r--p 00000000 08:15 414167                     /usr/share/fonts/wenquanyi/wqy-zenhei/wqy-zenhei.ttc
7f1086cc3000-7f1086d61000 r--p 00000000 08:15 527785                     /usr/share/fonts/TTF/DejaVuSans-BoldOblique.ttf
7f1086d61000-7f1086dfd000 r--p 00000000 08:15 527783                     /usr/share/fonts/TTF/DejaVuSans-Oblique.ttf
7f1086dfd000-7f1086e00000 ---p 00000000 00:00 0 
7f1086e00000-7f1086efe000 rw-p 00000000 00:00 0 
7f1086f0e000-7f108704e000 rw-p 00000000 00:00 0 
7f108704e000-7f108710e000 ---p 00000000 00:00 0 
7f108714e000-7f108715e000 rw-s 00000000 00:05 239857                     /drm mm object (deleted)
7f108718e000-7f108734e000 rw-s 00000000 00:05 234158                     /drm mm object (deleted)
7f108734e000-7f10873ae000 rw-s 00000000 00:05 234155                     /drm mm object (deleted)
7f10873ae000-7f108756e000 rw-s 1024e1000 00:06 17354                     /dev/dri/renderD128
7f108756e000-7f108776e000 rw-p 00000000 00:00 0 
7f108776e000-7f108792e000 rw-s 00000000 00:05 229264                     /drm mm object (deleted)
7f10879ae000-7f10879be000 rw-s 00000000 00:05 243194                     /drm mm object (deleted)
7f10879be000-7f10879ce000 rw-s 00000000 00:05 241718                     /drm mm object (deleted)
7f10879ce000-7f1087bce000 rw-p 00000000 00:00 0 
7f1087bce000-7f1087dce000 rw-p 00000000 00:00 0 
7f1087dce000-7f1087dff000 r-xp 00000000 08:15 1231520                    /usr/lib/gtk-2.0/2.10.0/engines/libmurrine.so
7f1087dff000-7f1087ffe000 ---p 00031000 08:15 1231520                    /usr/lib/gtk-2.0/2.10.0/engines/libmurrine.so
7f1087ffe000-7f1087fff000 r--p 00030000 08:15 1231520                    /usr/lib/gtk-2.0/2.10.0/engines/libmurrine.so
7f1087fff000-7f1088000000 rw-p 00031000 08:15 1231520                    /usr/lib/gtk-2.0/2.10.0/engines/libmurrine.so
7f1088000000-7f1088021000 rw-p 00000000 00:00 0 
7f1088021000-7f108c000000 ---p 00000000 00:00 0 
7f108c000000-7f108c021000 rw-p 00000000 00:00 0 
7f108c021000-7f1090000000 ---p 00000000 00:00 0 
7f1090000000-7f1090667000 rw-p 00000000 00:00 0 
7f1090667000-7f1094000000 ---p 00000000 00:00 0 
7f1094000000-7f1094021000 rw-p 00000000 00:00 0 
7f1094021000-7f1098000000 ---p 00000000 00:00 0 
7f1098000000-7f109a39c000 rw-p 00000000 00:00 0 
7f109a39c000-7f109c000000 ---p 00000000 00:00 0 
7f109c000000-7f109c021000 rw-p 00000000 00:00 0 
7f109c021000-7f10a0000000 ---p 00000000 00:00 0 
7f10a0000000-7f10a0021000 rw-p 00000000 00:00 0 
7f10a0021000-7f10a4000000 ---p 00000000 00:00 0 
7f10a4000000-7f10a4021000 rw-p 00000000 00:00 0 
7f10a4021000-7f10a8000000 ---p 00000000 00:00 0 
7f10a8000000-7f10a89f1000 rw-p 00000000 00:00 0 
7f10a89f1000-7f10ac000000 ---p 00000000 00:00 0 
7f10ac000000-7f10acb4b000 rw-p 00000000 00:00 0 
7f10acb4b000-7f10b0000000 ---p 00000000 00:00 0 
7f10b0000000-7f10b1102000 rw-p 00000000 00:00 0 
7f10b1102000-7f10b4000000 ---p 00000000 00:00 0 
7f10b4000000-7f10b4bbe000 rw-p 00000000 00:00 0 
7f10b4bbe000-7f10b8000000 ---p 00000000 00:00 0 
7f10b8000000-7f10b8021000 rw-p 00000000 00:00 0 
7f10b8021000-7f10bc000000 ---p 00000000 00:00 0 
7f10bc000000-7f10bc021000 rw-p 00000000 00:00 0 
7f10bc021000-7f10c0000000 ---p 00000000 00:00 0 
7f10c0000000-7f10c005a000 rw-p 00000000 00:00 0 
7f10c005a000-7f10c4000000 ---p 00000000 00:00 0 
7f10c4000000-7f10c4021000 rw-p 00000000 00:00 0 
7f10c4021000-7f10c8000000 ---p 00000000 00:00 0 
7f10c8000000-7f10c8021000 rw-p 00000000 00:00 0 
7f10c8021000-7f10cc000000 ---p 00000000 00:00 0 
7f10cc000000-7f10cc021000 rw-p 00000000 00:00 0 
7f10cc021000-7f10d0000000 ---p 00000000 00:00 0 
7f10d0000000-7f10d0021000 rw-p 00000000 00:00 0 
7f10d0021000-7f10d4000000 ---p 00000000 00:00 0 
7f10d4009000-7f10d400f000 rw-s 00000000 00:05 242932                     /drm mm object (deleted)
7f10d400f000-7f10d4017000 rw-s 00000000 00:05 232037                     /drm mm object (deleted)
7f10d4035000-7f10d4045000 rw-s 00000000 00:05 245186                     /drm mm object (deleted)
7f10d4045000-7f10d4053000 rw-s 00000000 00:05 234154                     /drm mm object (deleted)
7f10d4063000-7f10d406b000 rw-s 00000000 00:05 241959                     /drm mm object (deleted)
7f10d4073000-7f10d407b000 rw-s 00000000 00:05 241466                     /drm mm object (deleted)
7f10d407b000-7f10d4087000 rw-s 00000000 00:05 229253                     /drm mm object (deleted)
7f10d4087000-7f10d40e7000 rw-s 00000000 00:05 158924815                  /SYSV00000000 (deleted)
7f10d40e7000-7f10d4194000 r--p 00000000 08:15 527787                     /usr/share/fonts/TTF/DejaVuSans-Bold.ttf
7f10d4194000-7f10d41a7000 r--s 00346000 08:15 269800                     /usr/lib/jvm/java-8-openjdk/jre/lib/resources.jar
7f10d41a7000-7f10d41a9000 r-xp 00000000 08:15 1211480                    /usr/lib/gtk-2.0/2.10.0/engines/libadwaita.so
7f10d41a9000-7f10d43a9000 ---p 00002000 08:15 1211480                    /usr/lib/gtk-2.0/2.10.0/engines/libadwaita.so
7f10d43a9000-7f10d43aa000 r--p 00002000 08:15 1211480                    /usr/lib/gtk-2.0/2.10.0/engines/libadwaita.so
7f10d43aa000-7f10d43ab000 rw-p 00003000 08:15 1211480                    /usr/lib/gtk-2.0/2.10.0/engines/libadwaita.so
7f10d43ab000-7f10d43b5000 r-xp 00000000 08:15 1209124                    /usr/lib/gtk-2.0/2.10.0/engines/libpixmap.so
7f10d43b5000-7f10d45b4000 ---p 0000a000 08:15 1209124                    /usr/lib/gtk-2.0/2.10.0/engines/libpixmap.so
7f10d45b4000-7f10d45b5000 r--p 00009000 08:15 1209124                    /usr/lib/gtk-2.0/2.10.0/engines/libpixmap.so
7f10d45b5000-7f10d45b6000 rw-p 0000a000 08:15 1209124                    /usr/lib/gtk-2.0/2.10.0/engines/libpixmap.so
7f10d45b6000-7f10d45b9000 ---p 00000000 00:00 0 
7f10d45b9000-7f10d46b7000 rw-p 00000000 00:00 0 
7f10d46b7000-7f10d46bf000 r--p 00000000 00:26 231977                     /tmp/+JXF6583792791906698634.tmp
7f10d46bf000-7f10d48bf000 rw-p 00000000 00:00 0 
7f10d48bf000-7f10d48c3000 r-xp 00000000 08:15 420960                     /usr/lib/jvm/java-8-openjdk/jre/lib/amd64/libjavafx_font_pango.so
7f10d48c3000-7f10d4ac2000 ---p 00004000 08:15 420960                     /usr/lib/jvm/java-8-openjdk/jre/lib/amd64/libjavafx_font_pango.so
7f10d4ac2000-7f10d4ac3000 r--p 00003000 08:15 420960                     /usr/lib/jvm/java-8-openjdk/jre/lib/amd64/libjavafx_font_pango.so
7f10d4ac3000-7f10d4ac4000 rw-p 00004000 08:15 420960                     /usr/lib/jvm/java-8-openjdk/jre/lib/amd64/libjavafx_font_pango.so
7f10d4ac4000-7f10d4ae7000 r--p 00000000 00:26 231972                     /tmp/+JXF5220732200896623095.tmp
7f10d4ae7000-7f10d4aec000 r--s 0009a000 08:15 269806                     /usr/lib/jvm/java-8-openjdk/jre/lib/jsse.jar
7f10d4aec000-7f10d4b03000 r-xp 00000000 08:15 419791                     /usr/lib/jvm/java-8-openjdk/jre/lib/amd64/libnet.so
7f10d4b03000-7f10d4d02000 ---p 00017000 08:15 419791                     /usr/lib/jvm/java-8-openjdk/jre/lib/amd64/libnet.so
7f10d4d02000-7f10d4d03000 r--p 00016000 08:15 419791                     /usr/lib/jvm/java-8-openjdk/jre/lib/amd64/libnet.so
7f10d4d03000-7f10d4d04000 rw-p 00017000 08:15 419791                     /usr/lib/jvm/java-8-openjdk/jre/lib/amd64/libnet.so
7f10d4d04000-7f10d4d15000 r-xp 00000000 08:15 419793                     /usr/lib/jvm/java-8-openjdk/jre/lib/amd64/libnio.so
7f10d4d15000-7f10d4f15000 ---p 00011000 08:15 419793                     /usr/lib/jvm/java-8-openjdk/jre/lib/amd64/libnio.so
7f10d4f15000-7f10d4f16000 r--p 00011000 08:15 419793                     /usr/lib/jvm/java-8-openjdk/jre/lib/amd64/libnio.so
7f10d4f16000-7f10d4f17000 rw-p 00012000 08:15 419793                     /usr/lib/jvm/java-8-openjdk/jre/lib/amd64/libnio.so
7f10d4f17000-7f10d4fd0000 r--p 00000000 08:15 527781                     /usr/share/fonts/TTF/DejaVuSans.ttf
7f10d4fd0000-7f10d51d0000 rw-p 00000000 00:00 0 
7f10d51d0000-7f10d51d3000 ---p 00000000 00:00 0 
7f10d51d3000-7f10d52d1000 rw-p 00000000 00:00 0 
7f10d52d1000-7f10d619f000 r--p 00000000 08:15 656985                     /usr/share/fonts/simsun.ttc
7f10d619f000-7f10d706d000 r--p 00000000 08:15 656985                     /usr/share/fonts/simsun.ttc
7f10d706d000-7f10d7070000 r--s 00000000 08:15 271544                     /var/cache/fontconfig/1876b2dcf508980ebba421dbe8e808d3-le64.cache-7
7f10d7070000-7f10d7072000 r--s 00000000 08:15 282992                     /var/cache/fontconfig/d585350915777f75cbd3c3359c08487c-le64.cache-7
7f10d7072000-7f10d707a000 r--s 00000000 08:15 283003                     /var/cache/fontconfig/5df9eba3d3f2d3afe4369d5c874815ce-le64.cache-7
7f10d707a000-7f10d707d000 r--s 00000000 08:15 283002                     /var/cache/fontconfig/43166cb5203093156c760aa2c7b8b314-le64.cache-7
7f10d707d000-7f10d7097000 r--s 00000000 08:15 271552                     /var/cache/fontconfig/8d4af663993b81a124ee82e610bb31f9-le64.cache-7
7f10d7097000-7f10d7099000 r--s 00000000 08:15 282998                     /var/cache/fontconfig/6ba42ae0000f58711b5caaf10d690066-le64.cache-7
7f10d7099000-7f10d70af000 r--s 00000000 08:15 282996                     /var/cache/fontconfig/f349e9996a5320f6dd491cedd2b1f964-le64.cache-7
7f10d70af000-7f10d712a000 r--s 00000000 08:15 282995                     /var/cache/fontconfig/17090aa38d5c6f09fb8c5c354938f1d7-le64.cache-7
7f10d712a000-7f10d71a5000 r--s 00000000 08:15 282991                     /var/cache/fontconfig/df311e82a1a24c41a75c2c930223552e-le64.cache-7
7f10d71a5000-7f10d71aa000 r-xp 00000000 08:15 420959                     /usr/lib/jvm/java-8-openjdk/jre/lib/amd64/libjavafx_font_freetype.so
7f10d71aa000-7f10d73a9000 ---p 00005000 08:15 420959                     /usr/lib/jvm/java-8-openjdk/jre/lib/amd64/libjavafx_font_freetype.so
7f10d73a9000-7f10d73aa000 r--p 00004000 08:15 420959                     /usr/lib/jvm/java-8-openjdk/jre/lib/amd64/libjavafx_font_freetype.so
7f10d73aa000-7f10d73ab000 rw-p 00005000 08:15 420959                     /usr/lib/jvm/java-8-openjdk/jre/lib/amd64/libjavafx_font_freetype.so
7f10d73ab000-7f10d73ae000 r-xp 00000000 08:15 420958                     /usr/lib/jvm/java-8-openjdk/jre/lib/amd64/libjavafx_font.so
7f10d73ae000-7f10d75ad000 ---p 00003000 08:15 420958                     /usr/lib/jvm/java-8-openjdk/jre/lib/amd64/libjavafx_font.so
7f10d75ad000-7f10d75ae000 r--p 00002000 08:15 420958                     /usr/lib/jvm/java-8-openjdk/jre/lib/amd64/libjavafx_font.so
7f10d75ae000-7f10d75af000 rw-p 00003000 08:15 420958                     /usr/lib/jvm/java-8-openjdk/jre/lib/amd64/libjavafx_font.so
7f10d75af000-7f10d77af000 rw-p 00000000 00:00 0 
7f10d77af000-7f10d77c3000 r--s 0022f000 08:15 427440                     /home/kkcckc/.m2/repository/com/jfoenix/jfoenix/1.8.0/jfoenix-1.8.0.jar
7f10d77c3000-7f10d77c6000 ---p 00000000 00:00 0 
7f10d77c6000-7f10d78c4000 rw-p 00000000 00:00 0 
7f10d78c4000-7f10d78c7000 ---p 00000000 00:00 0 
7f10d78c7000-7f10d79c5000 rw-p 00000000 00:00 0 
7f10d79c5000-7f10d79ee000 r-xp 00000000 08:15 420956                     /usr/lib/jvm/java-8-openjdk/jre/lib/amd64/libglass.so
7f10d79ee000-7f10d7bee000 ---p 00029000 08:15 420956                     /usr/lib/jvm/java-8-openjdk/jre/lib/amd64/libglass.so
7f10d7bee000-7f10d7bef000 r--p 00029000 08:15 420956                     /usr/lib/jvm/java-8-openjdk/jre/lib/amd64/libglass.so
7f10d7bef000-7f10d7bf0000 rw-p 0002a000 08:15 420956                     /usr/lib/jvm/java-8-openjdk/jre/lib/amd64/libglass.so
7f10d7bf0000-7f10d7bf1000 rw-p 00000000 00:00 0 
7f10d7bf1000-7f10d7bf5000 r-xp 00000000 08:15 1208251                    /usr/lib/libtxc_dxtn.so
7f10d7bf5000-7f10d7df4000 ---p 00004000 08:15 1208251                    /usr/lib/libtxc_dxtn.so
7f10d7df4000-7f10d7df5000 r--p 00003000 08:15 1208251                    /usr/lib/libtxc_dxtn.so
7f10d7df5000-7f10d7df6000 rw-p 00004000 08:15 1208251                    /usr/lib/libtxc_dxtn.so
7f10d7df6000-7f10d7dff000 r-xp 00000000 08:15 1207969                    /usr/lib/libpciaccess.so.0.11.1
7f10d7dff000-7f10d7ffe000 ---p 00009000 08:15 1207969                    /usr/lib/libpciaccess.so.0.11.1
7f10d7ffe000-7f10d7fff000 r--p 00008000 08:15 1207969                    /usr/lib/libpciaccess.so.0.11.1
7f10d7fff000-7f10d8000000 rw-p 00009000 08:15 1207969                    /usr/lib/libpciaccess.so.0.11.1
7f10d8000000-7f10d8021000 rw-p 00000000 00:00 0 
7f10d8021000-7f10dc000000 ---p 00000000 00:00 0 
7f10dc001000-7f10dc00c000 r-xp 00000000 08:15 1208038                    /usr/lib/libdrm_radeon.so.1.0.1
7f10dc00c000-7f10dc20b000 ---p 0000b000 08:15 1208038                    /usr/lib/libdrm_radeon.so.1.0.1
7f10dc20b000-7f10dc20c000 r--p 0000a000 08:15 1208038                    /usr/lib/libdrm_radeon.so.1.0.1
7f10dc20c000-7f10dc20d000 rw-p 0000b000 08:15 1208038                    /usr/lib/libdrm_radeon.so.1.0.1
7f10dc20d000-7f10dc214000 r-xp 00000000 08:15 1208044                    /usr/lib/libdrm_nouveau.so.2.0.0
7f10dc214000-7f10dc413000 ---p 00007000 08:15 1208044                    /usr/lib/libdrm_nouveau.so.2.0.0
7f10dc413000-7f10dc414000 r--p 00006000 08:15 1208044                    /usr/lib/libdrm_nouveau.so.2.0.0
7f10dc414000-7f10dc415000 rw-p 00007000 08:15 1208044                    /usr/lib/libdrm_nouveau.so.2.0.0
7f10dc415000-7f10dc437000 r-xp 00000000 08:15 1208039                    /usr/lib/libdrm_intel.so.1.0.0
7f10dc437000-7f10dc636000 ---p 00022000 08:15 1208039                    /usr/lib/libdrm_intel.so.1.0.0
7f10dc636000-7f10dc637000 r--p 00021000 08:15 1208039                    /usr/lib/libdrm_intel.so.1.0.0
7f10dc637000-7f10dc638000 rw-p 00022000 08:15 1208039                    /usr/lib/libdrm_intel.so.1.0.0
7f10dc638000-7f10dce27000 r-xp 00000000 08:15 4597                       /usr/lib/xorg/modules/dri/i965_dri.so
7f10dce27000-7f10dd026000 ---p 007ef000 08:15 4597                       /usr/lib/xorg/modules/dri/i965_dri.so
7f10dd026000-7f10dd077000 r--p 007ee000 08:15 4597                       /usr/lib/xorg/modules/dri/i965_dri.so
7f10dd077000-7f10dd07f000 rw-p 0083f000 08:15 4597                       /usr/lib/xorg/modules/dri/i965_dri.so
7f10dd07f000-7f10dd0e7000 rw-p 00000000 00:00 0 
7f10dd0e7000-7f10dd0f7000 r-xp 00000000 08:15 1230507                    /usr/lib/libdrm.so.2.4.0
7f10dd0f7000-7f10dd2f6000 ---p 00010000 08:15 1230507                    /usr/lib/libdrm.so.2.4.0
7f10dd2f6000-7f10dd2f7000 r--p 0000f000 08:15 1230507                    /usr/lib/libdrm.so.2.4.0
7f10dd2f7000-7f10dd2f8000 rw-p 00010000 08:15 1230507                    /usr/lib/libdrm.so.2.4.0
7f10dd2f8000-7f10dd2fc000 r-xp 00000000 08:15 1204342                    /usr/lib/libxcb-dri2.so.0.0.0
7f10dd2fc000-7f10dd4fb000 ---p 00004000 08:15 1204342                    /usr/lib/libxcb-dri2.so.0.0.0
7f10dd4fb000-7f10dd4fc000 r--p 00003000 08:15 1204342                    /usr/lib/libxcb-dri2.so.0.0.0
7f10dd4fc000-7f10dd4fd000 rw-p 00004000 08:15 1204342                    /usr/lib/libxcb-dri2.so.0.0.0
7f10dd4fd000-7f10dd516000 r-xp 00000000 08:15 1204345                    /usr/lib/libxcb-glx.so.0.0.0
7f10dd516000-7f10dd716000 ---p 00019000 08:15 1204345                    /usr/lib/libxcb-glx.so.0.0.0
7f10dd716000-7f10dd718000 r--p 00019000 08:15 1204345                    /usr/lib/libxcb-glx.so.0.0.0
7f10dd718000-7f10dd719000 rw-p 0001b000 08:15 1204345                    /usr/lib/libxcb-glx.so.0.0.0
7f10dd719000-7f10dd71a000 r-xp 00000000 08:15 1207501                    /usr/lib/libX11-xcb.so.1.0.0
7f10dd71a000-7f10dd919000 ---p 00001000 08:15 1207501                    /usr/lib/libX11-xcb.so.1.0.0
7f10dd919000-7f10dd91a000 r--p 00000000 08:15 1207501                    /usr/lib/libX11-xcb.so.1.0.0
7f10dd91a000-7f10dd91b000 rw-p 00001000 08:15 1207501                    /usr/lib/libX11-xcb.so.1.0.0
7f10dd91b000-7f10dd946000 r-xp 00000000 08:15 1190580                    /usr/lib/libglapi.so.0.0.0
7f10dd946000-7f10ddb45000 ---p 0002b000 08:15 1190580                    /usr/lib/libglapi.so.0.0.0
7f10ddb45000-7f10ddb49000 r--p 0002a000 08:15 1190580                    /usr/lib/libglapi.so.0.0.0
7f10ddb49000-7f10ddb4a000 rw-p 0002e000 08:15 1190580                    /usr/lib/libglapi.so.0.0.0
7f10ddb4a000-7f10ddb4b000 rw-p 00000000 00:00 0 
7f10ddb4b000-7f10ddb4c000 r-xp 00000000 08:15 1208194                    /usr/lib/libxshmfence.so.1.0.0
7f10ddb4c000-7f10ddd4c000 ---p 00001000 08:15 1208194                    /usr/lib/libxshmfence.so.1.0.0
7f10ddd4c000-7f10ddd4d000 r--p 00001000 08:15 1208194                    /usr/lib/libxshmfence.so.1.0.0
7f10ddd4d000-7f10ddd4e000 rw-p 00002000 08:15 1208194                    /usr/lib/libxshmfence.so.1.0.0
7f10ddd4e000-7f10ddd54000 r-xp 00000000 08:15 1204353                    /usr/lib/libxcb-sync.so.1.0.0
7f10ddd54000-7f10ddf53000 ---p 00006000 08:15 1204353                    /usr/lib/libxcb-sync.so.1.0.0
7f10ddf53000-7f10ddf54000 r--p 00005000 08:15 1204353                    /usr/lib/libxcb-sync.so.1.0.0
7f10ddf54000-7f10ddf55000 rw-p 00006000 08:15 1204353                    /usr/lib/libxcb-sync.so.1.0.0
7f10ddf55000-7f10ddf57000 r-xp 00000000 08:15 1204344                    /usr/lib/libxcb-present.so.0.0.0
7f10ddf57000-7f10de156000 ---p 00002000 08:15 1204344                    /usr/lib/libxcb-present.so.0.0.0
7f10de156000-7f10de157000 r--p 00001000 08:15 1204344                    /usr/lib/libxcb-present.so.0.0.0
7f10de157000-7f10de158000 rw-p 00002000 08:15 1204344                    /usr/lib/libxcb-present.so.0.0.0
7f10de158000-7f10de15f000 r-xp 00000000 08:15 1204355                    /usr/lib/libxcb-xfixes.so.0.0.0
7f10de15f000-7f10de35e000 ---p 00007000 08:15 1204355                    /usr/lib/libxcb-xfixes.so.0.0.0
7f10de35e000-7f10de35f000 r--p 00006000 08:15 1204355                    /usr/lib/libxcb-xfixes.so.0.0.0
7f10de35f000-7f10de360000 rw-p 00007000 08:15 1204355                    /usr/lib/libxcb-xfixes.so.0.0.0
7f10de360000-7f10de362000 r-xp 00000000 08:15 1204343                    /usr/lib/libxcb-dri3.so.0.0.0
7f10de362000-7f10de561000 ---p 00002000 08:15 1204343                    /usr/lib/libxcb-dri3.so.0.0.0
7f10de561000-7f10de562000 r--p 00001000 08:15 1204343                    /usr/lib/libxcb-dri3.so.0.0.0
7f10de562000-7f10de563000 rw-p 00002000 08:15 1204343                    /usr/lib/libxcb-dri3.so.0.0.0
7f10de563000-7f10de5d2000 r-xp 00000000 08:15 1190586                    /usr/lib/libGLX_mesa.so.0.0.0
7f10de5d2000-7f10de7d1000 ---p 0006f000 08:15 1190586                    /usr/lib/libGLX_mesa.so.0.0.0
7f10de7d1000-7f10de7d4000 r--p 0006e000 08:15 1190586                    /usr/lib/libGLX_mesa.so.0.0.0
7f10de7d4000-7f10de7d5000 rw-p 00071000 08:15 1190586                    /usr/lib/libGLX_mesa.so.0.0.0
7f10de7d5000-7f10de7dc000 r-xp 00000000 08:15 1204207                    /usr/lib/libdatrie.so.1.3.3
7f10de7dc000-7f10de9db000 ---p 00007000 08:15 1204207                    /usr/lib/libdatrie.so.1.3.3
7f10de9db000-7f10de9dc000 r--p 00006000 08:15 1204207                    /usr/lib/libdatrie.so.1.3.3
7f10de9dc000-7f10de9dd000 rw-p 00007000 08:15 1204207                    /usr/lib/libdatrie.so.1.3.3
7f10de9dd000-7f10dea07000 r-xp 00000000 08:15 1207634                    /usr/lib/libgraphite2.so.3.0.1
7f10dea07000-7f10dec06000 ---p 0002a000 08:15 1207634                    /usr/lib/libgraphite2.so.3.0.1
7f10dec06000-7f10dec08000 r--p 00029000 08:15 1207634                    /usr/lib/libgraphite2.so.3.0.1
7f10dec08000-7f10dec09000 rw-p 0002b000 08:15 1207634                    /usr/lib/libgraphite2.so.3.0.1
7f10dec09000-7f10dec0d000 r-xp 00000000 08:15 1230497                    /usr/lib/libuuid.so.1.3.0
7f10dec0d000-7f10dee0c000 ---p 00004000 08:15 1230497                    /usr/lib/libuuid.so.1.3.0
7f10dee0c000-7f10dee0d000 r--p 00003000 08:15 1230497                    /usr/lib/libuuid.so.1.3.0
7f10dee0d000-7f10dee0e000 rw-p 00004000 08:15 1230497                    /usr/lib/libuuid.so.1.3.0
7f10dee0e000-7f10dee53000 r-xp 00000000 08:15 1189993                    /usr/lib/libblkid.so.1.1.0
7f10dee53000-7f10df052000 ---p 00045000 08:15 1189993                    /usr/lib/libblkid.so.1.1.0
7f10df052000-7f10df057000 r--p 00044000 08:15 1189993                    /usr/lib/libblkid.so.1.1.0
7f10df057000-7f10df058000 rw-p 00049000 08:15 1189993                    /usr/lib/libblkid.so.1.1.0
7f10df058000-7f10df059000 rw-p 00000000 00:00 0 
7f10df059000-7f10df05e000 r-xp 00000000 08:15 1204272                    /usr/lib/libXdmcp.so.6.0.0
7f10df05e000-7f10df25d000 ---p 00005000 08:15 1204272                    /usr/lib/libXdmcp.so.6.0.0
7f10df25d000-7f10df25e000 r--p 00004000 08:15 1204272                    /usr/lib/libXdmcp.so.6.0.0
7f10df25e000-7f10df25f000 rw-p 00005000 08:15 1204272                    /usr/lib/libXdmcp.so.6.0.0
7f10df25f000-7f10df261000 r-xp 00000000 08:15 1204277                    /usr/lib/libXau.so.6.0.0
7f10df261000-7f10df461000 ---p 00002000 08:15 1204277                    /usr/lib/libXau.so.6.0.0
7f10df461000-7f10df462000 r--p 00002000 08:15 1204277                    /usr/lib/libXau.so.6.0.0
7f10df462000-7f10df463000 rw-p 00003000 08:15 1204277                    /usr/lib/libXau.so.6.0.0
7f10df463000-7f10df4d1000 r-xp 00000000 08:15 1208444                    /usr/lib/libGLdispatch.so.0.0.0
7f10df4d1000-7f10df6d0000 ---p 0006e000 08:15 1208444                    /usr/lib/libGLdispatch.so.0.0.0
7f10df6d0000-7f10df6f8000 r--p 0006d000 08:15 1208444                    /usr/lib/libGLdispatch.so.0.0.0
7f10df6f8000-7f10df6f9000 rw-p 00095000 08:15 1208444                    /usr/lib/libGLdispatch.so.0.0.0
7f10df6f9000-7f10df719000 rw-p 00000000 00:00 0 
7f10df719000-7f10df729000 r-xp 00000000 08:15 1208447                    /usr/lib/libGLX.so.0.0.0
7f10df729000-7f10df929000 ---p 00010000 08:15 1208447                    /usr/lib/libGLX.so.0.0.0
7f10df929000-7f10df92a000 r--p 00010000 08:15 1208447                    /usr/lib/libGLX.so.0.0.0
7f10df92a000-7f10df92b000 rw-p 00011000 08:15 1208447                    /usr/lib/libGLX.so.0.0.0
7f10df92b000-7f10df94b000 rw-p 00000000 00:00 0 
7f10df94b000-7f10df9bc000 r-xp 00000000 08:15 1193033                    /usr/lib/libpcre.so.1.2.9
7f10df9bc000-7f10dfbbc000 ---p 00071000 08:15 1193033                    /usr/lib/libpcre.so.1.2.9
7f10dfbbc000-7f10dfbbd000 r--p 00071000 08:15 1193033                    /usr/lib/libpcre.so.1.2.9
7f10dfbbd000-7f10dfbbe000 rw-p 00072000 08:15 1193033                    /usr/lib/libpcre.so.1.2.9
7f10dfbbe000-7f10dfbcd000 r-xp 00000000 08:15 1183954                    /usr/lib/libbz2.so.1.0.6
7f10dfbcd000-7f10dfdcc000 ---p 0000f000 08:15 1183954                    /usr/lib/libbz2.so.1.0.6
7f10dfdcc000-7f10dfdcd000 r--p 0000e000 08:15 1183954                    /usr/lib/libbz2.so.1.0.6
7f10dfdcd000-7f10dfdce000 rw-p 0000f000 08:15 1183954                    /usr/lib/libbz2.so.1.0.6
7f10dfdce000-7f10dfdfd000 r-xp 00000000 08:15 1190034                    /usr/lib/libexpat.so.1.6.6
7f10dfdfd000-7f10dfffc000 ---p 0002f000 08:15 1190034                    /usr/lib/libexpat.so.1.6.6
7f10dfffc000-7f10dffff000 r--p 0002e000 08:15 1190034                    /usr/lib/libexpat.so.1.6.6
7f10dffff000-7f10e0000000 rw-p 00031000 08:15 1190034                    /usr/lib/libexpat.so.1.6.6
7f10e0000000-7f10e0021000 rw-p 00000000 00:00 0 
7f10e0021000-7f10e4000000 ---p 00000000 00:00 0 
7f10e4001000-7f10e400d000 r--s 00000000 08:15 282997                     /var/cache/fontconfig/f6b893a7224233d96cb72fd88691c0b4-le64.cache-7
7f10e400d000-7f10e4010000 r--s 00000000 08:15 282994                     /var/cache/fontconfig/3830d5c3ddfd5cd38a049b759396e72e-le64.cache-7
7f10e4010000-7f10e4016000 r--s 159a4000 08:15 157963                     /home/kkcckc/.m2/repository/edu/stanford/nlp/stanford-corenlp/3.8.0/stanford-corenlp-3.8.0-models.jar
7f10e4016000-7f10e4025000 r--s 0013a000 08:15 554001                     /home/kkcckc/.m2/repository/com/google/protobuf/protobuf-java/3.2.0/protobuf-java-3.2.0.jar
7f10e4025000-7f10e4028000 r--s 00012000 08:15 553961                     /home/kkcckc/.m2/repository/org/glassfish/javax.json/1.0.4/javax.json-1.0.4.jar
7f10e4028000-7f10e402d000 r--s 00045000 08:15 427340                     /home/kkcckc/.m2/repository/com/googlecode/efficient-java-matrix-library/ejml/0.23/ejml-0.23.jar
7f10e402d000-7f10e403e000 r--s 00089000 08:15 157961                     /home/kkcckc/.m2/repository/joda-time/joda-time/2.9.4/joda-time-2.9.4.jar
7f10e403e000-7f10e405c000 r--s 0027d000 08:15 157960                     /home/kkcckc/.m2/repository/xalan/xalan/2.7.0/xalan-2.7.0.jar
7f10e405c000-7f10e4073000 r--s 00110000 08:15 553848                     /home/kkcckc/.m2/repository/xerces/xercesImpl/2.8.0/xercesImpl-2.8.0.jar
7f10e4073000-7f10e409d000 r--s 00248000 08:15 427333                     /home/kkcckc/.m2/repository/org/apache/lucene/lucene-core/4.10.3/lucene-core-4.10.3.jar
7f10e409d000-7f10e40ef000 r--s 00753000 08:15 157957                     /home/kkcckc/.m2/repository/edu/stanford/nlp/stanford-corenlp/3.8.0/stanford-corenlp-3.8.0.jar
7f10e40ef000-7f10e40f6000 r-xp 00000000 08:15 1193162                    /usr/lib/libffi.so.6.0.4
7f10e40f6000-7f10e42f6000 ---p 00007000 08:15 1193162                    /usr/lib/libffi.so.6.0.4
7f10e42f6000-7f10e42f7000 r--p 00007000 08:15 1193162                    /usr/lib/libffi.so.6.0.4
7f10e42f7000-7f10e42f8000 rw-p 00008000 08:15 1193162                    /usr/lib/libffi.so.6.0.4
7f10e42f8000-7f10e4300000 r-xp 00000000 08:15 1204220                    /usr/lib/libthai.so.0.3.0
7f10e4300000-7f10e4500000 ---p 00008000 08:15 1204220                    /usr/lib/libthai.so.0.3.0
7f10e4500000-7f10e4501000 r--p 00008000 08:15 1204220                    /usr/lib/libthai.so.0.3.0
7f10e4501000-7f10e4502000 rw-p 00009000 08:15 1204220                    /usr/lib/libthai.so.0.3.0
7f10e4502000-7f10e4599000 r-xp 00000000 08:15 1207642                    /usr/lib/libharfbuzz.so.0.10501.0
7f10e4599000-7f10e4798000 ---p 00097000 08:15 1207642                    /usr/lib/libharfbuzz.so.0.10501.0
7f10e4798000-7f10e479a000 r--p 00096000 08:15 1207642                    /usr/lib/libharfbuzz.so.0.10501.0
7f10e479a000-7f10e479b000 rw-p 00098000 08:15 1207642                    /usr/lib/libharfbuzz.so.0.10501.0
7f10e479b000-7f10e47eb000 r-xp 00000000 08:15 1230496                    /usr/lib/libmount.so.1.1.0
7f10e47eb000-7f10e49ea000 ---p 00050000 08:15 1230496                    /usr/lib/libmount.so.1.1.0
7f10e49ea000-7f10e49ed000 r--p 0004f000 08:15 1230496                    /usr/lib/libmount.so.1.1.0
7f10e49ed000-7f10e49ee000 rw-p 00052000 08:15 1230496                    /usr/lib/libmount.so.1.1.0
7f10e49ee000-7f10e49ef000 rw-p 00000000 00:00 0 
7f10e49ef000-7f10e4a02000 r-xp 00000000 08:15 1179478                    /usr/lib/libresolv-2.26.so
7f10e4a02000-7f10e4c02000 ---p 00013000 08:15 1179478                    /usr/lib/libresolv-2.26.so
7f10e4c02000-7f10e4c03000 r--p 00013000 08:15 1179478                    /usr/lib/libresolv-2.26.so
7f10e4c03000-7f10e4c04000 rw-p 00014000 08:15 1179478                    /usr/lib/libresolv-2.26.so
7f10e4c04000-7f10e4c06000 rw-p 00000000 00:00 0 
7f10e4c06000-7f10e4c12000 r-xp 00000000 08:15 1204348                    /usr/lib/libxcb-render.so.0.0.0
7f10e4c12000-7f10e4e12000 ---p 0000c000 08:15 1204348                    /usr/lib/libxcb-render.so.0.0.0
7f10e4e12000-7f10e4e13000 r--p 0000c000 08:15 1204348                    /usr/lib/libxcb-render.so.0.0.0
7f10e4e13000-7f10e4e14000 rw-p 0000d000 08:15 1204348                    /usr/lib/libxcb-render.so.0.0.0
7f10e4e14000-7f10e4e3c000 r-xp 00000000 08:15 1204338                    /usr/lib/libxcb.so.1.1.0
7f10e4e3c000-7f10e503b000 ---p 00028000 08:15 1204338                    /usr/lib/libxcb.so.1.1.0
7f10e503b000-7f10e503c000 r--p 00027000 08:15 1204338                    /usr/lib/libxcb.so.1.1.0
7f10e503c000-7f10e503d000 rw-p 00028000 08:15 1204338                    /usr/lib/libxcb.so.1.1.0
7f10e503d000-7f10e503f000 r-xp 00000000 08:15 1204352                    /usr/lib/libxcb-shm.so.0.0.0
7f10e503f000-7f10e523f000 ---p 00002000 08:15 1204352                    /usr/lib/libxcb-shm.so.0.0.0
7f10e523f000-7f10e5240000 r--p 00002000 08:15 1204352                    /usr/lib/libxcb-shm.so.0.0.0
7f10e5240000-7f10e5241000 rw-p 00003000 08:15 1204352                    /usr/lib/libxcb-shm.so.0.0.0
7f10e5241000-7f10e5276000 r-xp 00000000 08:15 1204238                    /usr/lib/libpng16.so.16.32.0
7f10e5276000-7f10e5476000 ---p 00035000 08:15 1204238                    /usr/lib/libpng16.so.16.32.0
7f10e5476000-7f10e5477000 r--p 00035000 08:15 1204238                    /usr/lib/libpng16.so.16.32.0
7f10e5477000-7f10e5478000 rw-p 00036000 08:15 1204238                    /usr/lib/libpng16.so.16.32.0
7f10e5478000-7f10e5517000 r-xp 00000000 08:15 1207963                    /usr/lib/libpixman-1.so.0.34.0
7f10e5517000-7f10e5717000 ---p 0009f000 08:15 1207963                    /usr/lib/libpixman-1.so.0.34.0
7f10e5717000-7f10e571f000 r--p 0009f000 08:15 1207963                    /usr/lib/libpixman-1.so.0.34.0
7f10e571f000-7f10e5720000 rw-p 000a7000 08:15 1207963                    /usr/lib/libpixman-1.so.0.34.0
7f10e5720000-7f10e5731000 r-xp 00000000 08:15 1207625                    /usr/lib/libXext.so.6.4.0
7f10e5731000-7f10e5930000 ---p 00011000 08:15 1207625                    /usr/lib/libXext.so.6.4.0
7f10e5930000-7f10e5931000 r--p 00010000 08:15 1207625                    /usr/lib/libXext.so.6.4.0
7f10e5931000-7f10e5932000 rw-p 00011000 08:15 1207625                    /usr/lib/libXext.so.6.4.0
7f10e5932000-7f10e5934000 r-xp 00000000 08:15 1208189                    /usr/lib/libXdamage.so.1.1.0
7f10e5934000-7f10e5b33000 ---p 00002000 08:15 1208189                    /usr/lib/libXdamage.so.1.1.0
7f10e5b33000-7f10e5b34000 r--p 00001000 08:15 1208189                    /usr/lib/libXdamage.so.1.1.0
7f10e5b34000-7f10e5b35000 rw-p 00002000 08:15 1208189                    /usr/lib/libXdamage.so.1.1.0
7f10e5b35000-7f10e5b37000 r-xp 00000000 08:15 1208699                    /usr/lib/libXcomposite.so.1.0.0
7f10e5b37000-7f10e5d36000 ---p 00002000 08:15 1208699                    /usr/lib/libXcomposite.so.1.0.0
7f10e5d36000-7f10e5d37000 r--p 00001000 08:15 1208699                    /usr/lib/libXcomposite.so.1.0.0
7f10e5d37000-7f10e5d38000 rw-p 00002000 08:15 1208699                    /usr/lib/libXcomposite.so.1.0.0
7f10e5d38000-7f10e5d42000 r-xp 00000000 08:15 1208561                    /usr/lib/libXcursor.so.1.0.2
7f10e5d42000-7f10e5f41000 ---p 0000a000 08:15 1208561                    /usr/lib/libXcursor.so.1.0.2
7f10e5f41000-7f10e5f42000 r--p 00009000 08:15 1208561                    /usr/lib/libXcursor.so.1.0.2
7f10e5f42000-7f10e5f43000 rw-p 0000a000 08:15 1208561                    /usr/lib/libXcursor.so.1.0.2
7f10e5f43000-7f10e5f4d000 r-xp 00000000 08:15 1208579                    /usr/lib/libXrandr.so.2.2.0
7f10e5f4d000-7f10e614c000 ---p 0000a000 08:15 1208579                    /usr/lib/libXrandr.so.2.2.0
7f10e614c000-7f10e614d000 r--p 00009000 08:15 1208579                    /usr/lib/libXrandr.so.2.2.0
7f10e614d000-7f10e614e000 rw-p 0000a000 08:15 1208579                    /usr/lib/libXrandr.so.2.2.0
7f10e614e000-7f10e615d000 r-xp 00000000 08:15 1208679                    /usr/lib/libXi.so.6.1.0
7f10e615d000-7f10e635d000 ---p 0000f000 08:15 1208679                    /usr/lib/libXi.so.6.1.0
7f10e635d000-7f10e635e000 r--p 0000f000 08:15 1208679                    /usr/lib/libXi.so.6.1.0
7f10e635e000-7f10e635f000 rw-p 00010000 08:15 1208679                    /usr/lib/libXi.so.6.1.0
7f10e635f000-7f10e6361000 r-xp 00000000 08:15 1208567                    /usr/lib/libXinerama.so.1.0.0
7f10e6361000-7f10e6560000 ---p 00002000 08:15 1208567                    /usr/lib/libXinerama.so.1.0.0
7f10e6560000-7f10e6561000 r--p 00001000 08:15 1208567                    /usr/lib/libXinerama.so.1.0.0
7f10e6561000-7f10e6562000 rw-p 00002000 08:15 1208567                    /usr/lib/libXinerama.so.1.0.0
7f10e6562000-7f10e656b000 r-xp 00000000 08:15 1207508                    /usr/lib/libXrender.so.1.3.0
7f10e656b000-7f10e676b000 ---p 00009000 08:15 1207508                    /usr/lib/libXrender.so.1.3.0
7f10e676b000-7f10e676c000 r--p 00009000 08:15 1207508                    /usr/lib/libXrender.so.1.3.0
7f10e676c000-7f10e676d000 rw-p 0000a000 08:15 1207508                    /usr/lib/libXrender.so.1.3.0
7f10e676d000-7f10e6772000 r-xp 00000000 08:15 1208177                    /usr/lib/libXfixes.so.3.1.0
7f10e6772000-7f10e6971000 ---p 00005000 08:15 1208177                    /usr/lib/libXfixes.so.3.1.0
7f10e6971000-7f10e6972000 r--p 00004000 08:15 1208177                    /usr/lib/libXfixes.so.3.1.0
7f10e6972000-7f10e6973000 rw-p 00005000 08:15 1208177                    /usr/lib/libXfixes.so.3.1.0
7f10e6973000-7f10e6976000 r-xp 00000000 08:15 1193237                    /usr/lib/libgmodule-2.0.so.0.5200.3
7f10e6976000-7f10e6b75000 ---p 00003000 08:15 1193237                    /usr/lib/libgmodule-2.0.so.0.5200.3
7f10e6b75000-7f10e6b76000 r--p 00002000 08:15 1193237                    /usr/lib/libgmodule-2.0.so.0.5200.3
7f10e6b76000-7f10e6b77000 rw-p 00003000 08:15 1193237                    /usr/lib/libgmodule-2.0.so.0.5200.3
7f10e6b77000-7f10e6b8d000 r-xp 00000000 08:15 1181039                    /usr/lib/libgcc_s.so.1
7f10e6b8d000-7f10e6d8c000 ---p 00016000 08:15 1181039                    /usr/lib/libgcc_s.so.1
7f10e6d8c000-7f10e6d8d000 r--p 00015000 08:15 1181039                    /usr/lib/libgcc_s.so.1
7f10e6d8d000-7f10e6d8e000 rw-p 00016000 08:15 1181039                    /usr/lib/libgcc_s.so.1
7f10e6d8e000-7f10e6f05000 r-xp 00000000 08:15 1181001                    /usr/lib/libstdc++.so.6.0.24
7f10e6f05000-7f10e7105000 ---p 00177000 08:15 1181001                    /usr/lib/libstdc++.so.6.0.24
7f10e7105000-7f10e7111000 r--p 00177000 08:15 1181001                    /usr/lib/libstdc++.so.6.0.24
7f10e7111000-7f10e7112000 rw-p 00183000 08:15 1181001                    /usr/lib/libstdc++.so.6.0.24
7f10e7112000-7f10e7115000 rw-p 00000000 00:00 0 
7f10e7115000-7f10e7185000 r-xp 00000000 08:15 1208448                    /usr/lib/libGL.so.1.0.0
7f10e7185000-7f10e7384000 ---p 00070000 08:15 1208448                    /usr/lib/libGL.so.1.0.0
7f10e7384000-7f10e739e000 r--p 0006f000 08:15 1208448                    /usr/lib/libGL.so.1.0.0
7f10e739e000-7f10e739f000 rw-p 00089000 08:15 1208448                    /usr/lib/libGL.so.1.0.0
7f10e739f000-7f10e73a0000 rw-p 00000000 00:00 0 
7f10e73a0000-7f10e73a5000 r-xp 00000000 08:15 1208172                    /usr/lib/libXxf86vm.so.1.0.0
7f10e73a5000-7f10e75a4000 ---p 00005000 08:15 1208172                    /usr/lib/libXxf86vm.so.1.0.0
7f10e75a4000-7f10e75a5000 r--p 00004000 08:15 1208172                    /usr/lib/libXxf86vm.so.1.0.0
7f10e75a5000-7f10e75a6000 rw-p 00005000 08:15 1208172                    /usr/lib/libXxf86vm.so.1.0.0
7f10e75a6000-7f10e76df000 r-xp 00000000 08:15 1207500                    /usr/lib/libX11.so.6.3.0
7f10e76df000-7f10e78df000 ---p 00139000 08:15 1207500                    /usr/lib/libX11.so.6.3.0
7f10e78df000-7f10e78e0000 r--p 00139000 08:15 1207500                    /usr/lib/libX11.so.6.3.0
7f10e78e0000-7f10e78e5000 rw-p 0013a000 08:15 1207500                    /usr/lib/libX11.so.6.3.0
7f10e78e5000-7f10e78ea000 r-xp 00000000 08:15 1209241                    /usr/lib/libXtst.so.6.1.0
7f10e78ea000-7f10e7ae9000 ---p 00005000 08:15 1209241                    /usr/lib/libXtst.so.6.1.0
7f10e7ae9000-7f10e7aea000 r--p 00004000 08:15 1209241                    /usr/lib/libXtst.so.6.1.0
7f10e7aea000-7f10e7aeb000 rw-p 00005000 08:15 1209241                    /usr/lib/libXtst.so.6.1.0
7f10e7aeb000-7f10e7bfc000 r-xp 00000000 08:15 1193236                    /usr/lib/libglib-2.0.so.0.5200.3
7f10e7bfc000-7f10e7dfb000 ---p 00111000 08:15 1193236                    /usr/lib/libglib-2.0.so.0.5200.3
7f10e7dfb000-7f10e7dfc000 r--p 00110000 08:15 1193236                    /usr/lib/libglib-2.0.so.0.5200.3
7f10e7dfc000-7f10e7dfd000 rw-p 00111000 08:15 1193236                    /usr/lib/libglib-2.0.so.0.5200.3
7f10e7dfd000-7f10e7dfe000 rw-p 00000000 00:00 0 
7f10e7dfe000-7f10e7dff000 r-xp 00000000 08:15 1193238                    /usr/lib/libgthread-2.0.so.0.5200.3
7f10e7dff000-7f10e7ffe000 ---p 00001000 08:15 1193238                    /usr/lib/libgthread-2.0.so.0.5200.3
7f10e7ffe000-7f10e7fff000 r--p 00000000 08:15 1193238                    /usr/lib/libgthread-2.0.so.0.5200.3
7f10e7fff000-7f10e8000000 rw-p 00001000 08:15 1193238                    /usr/lib/libgthread-2.0.so.0.5200.3
7f10e8000000-7f10e8021000 rw-p 00000000 00:00 0 
7f10e8021000-7f10ec000000 ---p 00000000 00:00 0 
7f10ec001000-7f10ec009000 r--s 00028000 08:15 553769                     /home/kkcckc/.m2/repository/xml-apis/xml-apis/1.3.03/xml-apis-1.3.03.jar
7f10ec009000-7f10ec010000 r--s 00046000 08:15 427336                     /home/kkcckc/.m2/repository/com/io7m/xom/xom/1.2.10/xom-1.2.10.jar
7f10ec010000-7f10ec013000 r--s 00012000 08:15 427335                     /home/kkcckc/.m2/repository/javax/servlet/javax.servlet-api/3.0.1/javax.servlet-api-3.0.1.jar
7f10ec013000-7f10ec019000 r--s 0002f000 08:15 427332                     /home/kkcckc/.m2/repository/org/apache/lucene/lucene-queries/4.10.3/lucene-queries-4.10.3.jar
7f10ec019000-7f10ec02a000 r--s 0018f000 08:15 427330                     /home/kkcckc/.m2/repository/org/apache/lucene/lucene-analyzers-common/4.10.3/lucene-analyzers-common-4.10.3.jar
7f10ec02a000-7f10ec02d000 ---p 00000000 00:00 0 
7f10ec02d000-7f10ec12b000 rw-p 00000000 00:00 0 
7f10ec12b000-7f10ec1ea000 r-xp 00000000 08:15 1207676                    /usr/lib/libfreetype.so.6.14.0
7f10ec1ea000-7f10ec3ea000 ---p 000bf000 08:15 1207676                    /usr/lib/libfreetype.so.6.14.0
7f10ec3ea000-7f10ec3f1000 r--p 000bf000 08:15 1207676                    /usr/lib/libfreetype.so.6.14.0
7f10ec3f1000-7f10ec3f2000 rw-p 000c6000 08:15 1207676                    /usr/lib/libfreetype.so.6.14.0
7f10ec3f2000-7f10ec430000 r-xp 00000000 08:15 1207742                    /usr/lib/libfontconfig.so.1.10.0
7f10ec430000-7f10ec630000 ---p 0003e000 08:15 1207742                    /usr/lib/libfontconfig.so.1.10.0
7f10ec630000-7f10ec632000 r--p 0003e000 08:15 1207742                    /usr/lib/libfontconfig.so.1.10.0
7f10ec632000-7f10ec637000 rw-p 00040000 08:15 1207742                    /usr/lib/libfontconfig.so.1.10.0
7f10ec637000-7f10ec688000 r-xp 00000000 08:15 1193239                    /usr/lib/libgobject-2.0.so.0.5200.3
7f10ec688000-7f10ec888000 ---p 00051000 08:15 1193239                    /usr/lib/libgobject-2.0.so.0.5200.3
7f10ec888000-7f10ec889000 r--p 00051000 08:15 1193239                    /usr/lib/libgobject-2.0.so.0.5200.3
7f10ec889000-7f10ec88a000 rw-p 00052000 08:15 1193239                    /usr/lib/libgobject-2.0.so.0.5200.3
7f10ec88a000-7f10ec8d5000 r-xp 00000000 08:15 1190627                    /usr/lib/libpango-1.0.so.0.4000.12
7f10ec8d5000-7f10ecad5000 ---p 0004b000 08:15 1190627                    /usr/lib/libpango-1.0.so.0.4000.12
7f10ecad5000-7f10ecad8000 r--p 0004b000 08:15 1190627                    /usr/lib/libpango-1.0.so.0.4000.12
7f10ecad8000-7f10ecad9000 rw-p 0004e000 08:15 1190627                    /usr/lib/libpango-1.0.so.0.4000.12
7f10ecad9000-7f10ecaed000 r-xp 00000000 08:15 1190628                    /usr/lib/libpangoft2-1.0.so.0.4000.12
7f10ecaed000-7f10ecced000 ---p 00014000 08:15 1190628                    /usr/lib/libpangoft2-1.0.so.0.4000.12
7f10ecced000-7f10eccee000 r--p 00014000 08:15 1190628                    /usr/lib/libpangoft2-1.0.so.0.4000.12
7f10eccee000-7f10eccef000 rw-p 00015000 08:15 1190628                    /usr/lib/libpangoft2-1.0.so.0.4000.12
7f10eccef000-7f10ece81000 r-xp 00000000 08:15 1193240                    /usr/lib/libgio-2.0.so.0.5200.3
7f10ece81000-7f10ed081000 ---p 00192000 08:15 1193240                    /usr/lib/libgio-2.0.so.0.5200.3
7f10ed081000-7f10ed086000 r--p 00192000 08:15 1193240                    /usr/lib/libgio-2.0.so.0.5200.3
7f10ed086000-7f10ed088000 rw-p 00197000 08:15 1193240                    /usr/lib/libgio-2.0.so.0.5200.3
7f10ed088000-7f10ed08a000 rw-p 00000000 00:00 0 
7f10ed08a000-7f10ed0ac000 r-xp 00000000 08:15 1194216                    /usr/lib/libgdk_pixbuf-2.0.so.0.3600.9
7f10ed0ac000-7f10ed2ac000 ---p 00022000 08:15 1194216                    /usr/lib/libgdk_pixbuf-2.0.so.0.3600.9
7f10ed2ac000-7f10ed2ad000 r--p 00022000 08:15 1194216                    /usr/lib/libgdk_pixbuf-2.0.so.0.3600.9
7f10ed2ad000-7f10ed2ae000 rw-p 00023000 08:15 1194216                    /usr/lib/libgdk_pixbuf-2.0.so.0.3600.9
7f10ed2ae000-7f10ed3c7000 r-xp 00000000 08:15 1208472                    /usr/lib/libcairo.so.2.11508.0
7f10ed3c7000-7f10ed5c6000 ---p 00119000 08:15 1208472                    /usr/lib/libcairo.so.2.11508.0
7f10ed5c6000-7f10ed5ca000 r--p 00118000 08:15 1208472                    /usr/lib/libcairo.so.2.11508.0
7f10ed5ca000-7f10ed5cb000 rw-p 0011c000 08:15 1208472                    /usr/lib/libcairo.so.2.11508.0
7f10ed5cb000-7f10ed5cc000 rw-p 00000000 00:00 0 
7f10ed5cc000-7f10ed5ef000 r-xp 00000000 08:15 1204127                    /usr/lib/libatk-1.0.so.0.22409.1
7f10ed5ef000-7f10ed7ee000 ---p 00023000 08:15 1204127                    /usr/lib/libatk-1.0.so.0.22409.1
7f10ed7ee000-7f10ed7f1000 r--p 00022000 08:15 1204127                    /usr/lib/libatk-1.0.so.0.22409.1
7f10ed7f1000-7f10ed7f2000 rw-p 00025000 08:15 1204127                    /usr/lib/libatk-1.0.so.0.22409.1
7f10ed7f2000-7f10ed7fe000 r-xp 00000000 08:15 1190630                    /usr/lib/libpangocairo-1.0.so.0.4000.12
7f10ed7fe000-7f10ed9fd000 ---p 0000c000 08:15 1190630                    /usr/lib/libpangocairo-1.0.so.0.4000.12
7f10ed9fd000-7f10ed9fe000 r--p 0000b000 08:15 1190630                    /usr/lib/libpangocairo-1.0.so.0.4000.12
7f10ed9fe000-7f10ed9ff000 rw-p 0000c000 08:15 1190630                    /usr/lib/libpangocairo-1.0.so.0.4000.12
7f10ed9ff000-7f10edaaf000 r-xp 00000000 08:15 1209104                    /usr/lib/libgdk-x11-2.0.so.0.2400.31
7f10edaaf000-7f10edcae000 ---p 000b0000 08:15 1209104                    /usr/lib/libgdk-x11-2.0.so.0.2400.31
7f10edcae000-7f10edcb2000 r--p 000af000 08:15 1209104                    /usr/lib/libgdk-x11-2.0.so.0.2400.31
7f10edcb2000-7f10edcb4000 rw-p 000b3000 08:15 1209104                    /usr/lib/libgdk-x11-2.0.so.0.2400.31
7f10edcb4000-7f10ee0e7000 r-xp 00000000 08:15 1209105                    /usr/lib/libgtk-x11-2.0.so.0.2400.31
7f10ee0e7000-7f10ee2e6000 ---p 00433000 08:15 1209105                    /usr/lib/libgtk-x11-2.0.so.0.2400.31
7f10ee2e6000-7f10ee2ed000 r--p 00432000 08:15 1209105                    /usr/lib/libgtk-x11-2.0.so.0.2400.31
7f10ee2ed000-7f10ee2f1000 rw-p 00439000 08:15 1209105                    /usr/lib/libgtk-x11-2.0.so.0.2400.31
7f10ee2f1000-7f10ee2f4000 rw-p 00000000 00:00 0 
7f10ee2f4000-7f10ee300000 r-xp 00000000 08:15 420965                     /usr/lib/jvm/java-8-openjdk/jre/lib/amd64/libprism_es2.so
7f10ee300000-7f10ee4ff000 ---p 0000c000 08:15 420965                     /usr/lib/jvm/java-8-openjdk/jre/lib/amd64/libprism_es2.so
7f10ee4ff000-7f10ee500000 r--p 0000b000 08:15 420965                     /usr/lib/jvm/java-8-openjdk/jre/lib/amd64/libprism_es2.so
7f10ee500000-7f10ee501000 rw-p 0000c000 08:15 420965                     /usr/lib/jvm/java-8-openjdk/jre/lib/amd64/libprism_es2.so
7f10ee501000-7f10ee504000 ---p 00000000 00:00 0 
7f10ee504000-7f10ee602000 rw-p 00000000 00:00 0 
7f10ee602000-7f10ee698000 r--s 008d8000 08:15 263128                     /usr/lib/jvm/java-8-openjdk/jre/lib/ext/jfxrt.jar
7f10ee698000-7f10ee699000 ---p 00000000 00:00 0 
7f10ee699000-7f10ee799000 rw-p 00000000 00:00 0 
7f10ee799000-7f10ee79c000 ---p 00000000 00:00 0 
7f10ee79c000-7f10ee89a000 rw-p 00000000 00:00 0 
7f10ee89a000-7f10ee89d000 ---p 00000000 00:00 0 
7f10ee89d000-7f10ee99b000 rw-p 00000000 00:00 0 
7f10ee99b000-7f10ee99e000 ---p 00000000 00:00 0 
7f10ee99e000-7f10eea9c000 rw-p 00000000 00:00 0 
7f10eea9c000-7f10eea9f000 ---p 00000000 00:00 0 
7f10eea9f000-7f10eeb9d000 rw-p 00000000 00:00 0 
7f10eeb9d000-7f10eeba0000 ---p 00000000 00:00 0 
7f10eeba0000-7f10eec9e000 rw-p 00000000 00:00 0 
7f10eec9e000-7f10eeca1000 ---p 00000000 00:00 0 
7f10eeca1000-7f10eed9f000 rw-p 00000000 00:00 0 
7f10eed9f000-7f10ef0f1000 r--p 00000000 08:15 1231644                    /usr/lib/locale/locale-archive
7f10ef0f1000-7f10ef0f4000 ---p 00000000 00:00 0 
7f10ef0f4000-7f10ef1f2000 rw-p 00000000 00:00 0 
7f10ef1f2000-7f10ef1f5000 ---p 00000000 00:00 0 
7f10ef1f5000-7f10ef2f3000 rw-p 00000000 00:00 0 
7f10ef2f3000-7f10ef2f4000 ---p 00000000 00:00 0 
7f10ef2f4000-7f10f0000000 rw-p 00000000 00:00 0 
7f10f0000000-7f10f0021000 rw-p 00000000 00:00 0 
7f10f0021000-7f10f4000000 ---p 00000000 00:00 0 
7f10f4000000-7f10f4002000 r--s 0008a000 08:15 157981                     /home/kkcckc/.m2/repository/de/jensd/fontawesomefx/8.9/fontawesomefx-8.9.jar
7f10f4002000-7f10f4005000 r--s 0001b000 08:15 413353                     /home/kkcckc/.m2/repository/org/apache/lucene/lucene-sandbox/4.10.3/lucene-sandbox-4.10.3.jar
7f10f4005000-7f10f400e000 r--s 00057000 08:15 281293                     /home/kkcckc/.m2/repository/org/apache/lucene/lucene-queryparser/4.10.3/lucene-queryparser-4.10.3.jar
7f10f400e000-7f10f4015000 r--s 0005e000 08:15 281289                     /home/kkcckc/.m2/repository/org/apache/commons/commons-lang3/3.3.1/commons-lang3-3.3.1.jar
7f10f4015000-7f10f4019000 r--s 00015000 08:15 281291                     /home/kkcckc/.m2/repository/javax/xml/bind/jaxb-api/2.2.7/jaxb-api-2.2.7.jar
7f10f4019000-7f10f401e000 r--s 00030000 08:15 157958                     /home/kkcckc/.m2/repository/de/jollyday/jollyday/0.4.9/jollyday-0.4.9.jar
7f10f401e000-7f10f4026000 rw-s 00000000 00:05 241465                     /drm mm object (deleted)
7f10f4026000-7f10f402e000 rw-s 00000000 00:05 233458                     /drm mm object (deleted)
7f10f402e000-7f10f8000000 rw-p 00000000 00:00 0 
7f10f8000000-7f10f8021000 rw-p 00000000 00:00 0 
7f10f8021000-7f10fc000000 ---p 00000000 00:00 0 
7f10fc001000-7f10fc009000 rw-s 00000000 00:05 229237                     /drm mm object (deleted)
7f10fc009000-7f10fc011000 rw-s 00000000 00:05 229227                     /drm mm object (deleted)
7f10fc011000-7f10fce32000 rw-p 00000000 00:00 0 
7f10fce32000-7f10fd000000 r--s 03c15000 08:15 269793                     /usr/lib/jvm/java-8-openjdk/jre/lib/rt.jar
7f10fd000000-7f10fe090000 rwxp 00000000 00:00 0 
7f10fe090000-7f110c000000 ---p 00000000 00:00 0 
7f110c000000-7f110c2ac000 rw-p 00000000 00:00 0 
7f110c2ac000-7f1110000000 ---p 00000000 00:00 0 
7f1110001000-7f1110002000 r--s 00007000 08:15 427342                     /home/kkcckc/.m2/repository/org/slf4j/slf4j-api/1.7.12/slf4j-api-1.7.12.jar
7f1110002000-7f1110003000 r--s 00002000 08:15 281290                     /home/kkcckc/.m2/repository/com/apple/AppleJavaExtensions/1.4/AppleJavaExtensions-1.4.jar
7f1110003000-7f1110c77000 rw-p 00000000 00:00 0 
7f1110c77000-7f1110c78000 ---p 00000000 00:00 0 
7f1110c78000-7f1110d78000 rw-p 00000000 00:00 0 
7f1110d78000-7f1110d79000 ---p 00000000 00:00 0 
7f1110d79000-7f1110e79000 rw-p 00000000 00:00 0 
7f1110e79000-7f1110e7a000 ---p 00000000 00:00 0 
7f1110e7a000-7f1110f7a000 rw-p 00000000 00:00 0 
7f1110f7a000-7f1110f7b000 ---p 00000000 00:00 0 
7f1110f7b000-7f111107b000 rw-p 00000000 00:00 0 
7f111107b000-7f111107c000 ---p 00000000 00:00 0 
7f111107c000-7f111117c000 rw-p 00000000 00:00 0 
7f111117c000-7f111117d000 ---p 00000000 00:00 0 
7f111117d000-7f111127d000 rw-p 00000000 00:00 0 
7f111127d000-7f111127e000 ---p 00000000 00:00 0 
7f111127e000-7f111137e000 rw-p 00000000 00:00 0 
7f111137e000-7f111137f000 ---p 00000000 00:00 0 
7f111137f000-7f111149b000 rw-p 00000000 00:00 0 
7f111149b000-7f1111713000 ---p 00000000 00:00 0 
7f1111713000-7f111172f000 rw-p 00000000 00:00 0 
7f111172f000-7f11119a6000 ---p 00000000 00:00 0 
7f11119a6000-7f1111a3b000 rw-p 00000000 00:00 0 
7f1111a3b000-7f1111af0000 ---p 00000000 00:00 0 
7f1111af0000-7f1111b34000 rw-p 00000000 00:00 0 
7f1111b34000-7f1111eb1000 ---p 00000000 00:00 0 
7f1111eb1000-7f1111eb9000 r-xp 00000000 08:15 419797                     /usr/lib/jvm/java-8-openjdk/jre/lib/amd64/libzip.so
7f1111eb9000-7f11120b8000 ---p 00008000 08:15 419797                     /usr/lib/jvm/java-8-openjdk/jre/lib/amd64/libzip.so
7f11120b8000-7f11120b9000 r--p 00007000 08:15 419797                     /usr/lib/jvm/java-8-openjdk/jre/lib/amd64/libzip.so
7f11120b9000-7f11120ba000 rw-p 00008000 08:15 419797                     /usr/lib/jvm/java-8-openjdk/jre/lib/amd64/libzip.so
7f11120ba000-7f11120c5000 r-xp 00000000 08:15 1179487                    /usr/lib/libnss_files-2.26.so
7f11120c5000-7f11122c4000 ---p 0000b000 08:15 1179487                    /usr/lib/libnss_files-2.26.so
7f11122c4000-7f11122c5000 r--p 0000a000 08:15 1179487                    /usr/lib/libnss_files-2.26.so
7f11122c5000-7f11122c6000 rw-p 0000b000 08:15 1179487                    /usr/lib/libnss_files-2.26.so
7f11122c6000-7f11122cc000 rw-p 00000000 00:00 0 
7f11122cc000-7f11122d7000 r-xp 00000000 08:15 1179485                    /usr/lib/libnss_nis-2.26.so
7f11122d7000-7f11124d6000 ---p 0000b000 08:15 1179485                    /usr/lib/libnss_nis-2.26.so
7f11124d6000-7f11124d7000 r--p 0000a000 08:15 1179485                    /usr/lib/libnss_nis-2.26.so
7f11124d7000-7f11124d8000 rw-p 0000b000 08:15 1179485                    /usr/lib/libnss_nis-2.26.so
7f11124d8000-7f11124ec000 r-xp 00000000 08:15 1179481                    /usr/lib/libnsl-2.26.so
7f11124ec000-7f11126ec000 ---p 00014000 08:15 1179481                    /usr/lib/libnsl-2.26.so
7f11126ec000-7f11126ed000 r--p 00014000 08:15 1179481                    /usr/lib/libnsl-2.26.so
7f11126ed000-7f11126ee000 rw-p 00015000 08:15 1179481                    /usr/lib/libnsl-2.26.so
7f11126ee000-7f11126f0000 rw-p 00000000 00:00 0 
7f11126f0000-7f11126f7000 r-xp 00000000 08:15 1179493                    /usr/lib/libnss_compat-2.26.so
7f11126f7000-7f11128f6000 ---p 00007000 08:15 1179493                    /usr/lib/libnss_compat-2.26.so
7f11128f6000-7f11128f7000 r--p 00006000 08:15 1179493                    /usr/lib/libnss_compat-2.26.so
7f11128f7000-7f11128f8000 rw-p 00007000 08:15 1179493                    /usr/lib/libnss_compat-2.26.so
7f11128f8000-7f1112926000 r-xp 00000000 08:15 419781                     /usr/lib/jvm/java-8-openjdk/jre/lib/amd64/libjava.so
7f1112926000-7f1112b25000 ---p 0002e000 08:15 419781                     /usr/lib/jvm/java-8-openjdk/jre/lib/amd64/libjava.so
7f1112b25000-7f1112b26000 r--p 0002d000 08:15 419781                     /usr/lib/jvm/java-8-openjdk/jre/lib/amd64/libjava.so
7f1112b26000-7f1112b28000 rw-p 0002e000 08:15 419781                     /usr/lib/jvm/java-8-openjdk/jre/lib/amd64/libjava.so
7f1112b28000-7f1112b35000 r-xp 00000000 08:15 419771                     /usr/lib/jvm/java-8-openjdk/jre/lib/amd64/libverify.so
7f1112b35000-7f1112d34000 ---p 0000d000 08:15 419771                     /usr/lib/jvm/java-8-openjdk/jre/lib/amd64/libverify.so
7f1112d34000-7f1112d36000 r--p 0000c000 08:15 419771                     /usr/lib/jvm/java-8-openjdk/jre/lib/amd64/libverify.so
7f1112d36000-7f1112d37000 rw-p 0000e000 08:15 419771                     /usr/lib/jvm/java-8-openjdk/jre/lib/amd64/libverify.so
7f1112d37000-7f1112d3e000 r-xp 00000000 08:15 1179475                    /usr/lib/librt-2.26.so
7f1112d3e000-7f1112f3d000 ---p 00007000 08:15 1179475                    /usr/lib/librt-2.26.so
7f1112f3d000-7f1112f3e000 r--p 00006000 08:15 1179475                    /usr/lib/librt-2.26.so
7f1112f3e000-7f1112f3f000 rw-p 00007000 08:15 1179475                    /usr/lib/librt-2.26.so
7f1112f3f000-7f111308a000 r-xp 00000000 08:15 1179482                    /usr/lib/libm-2.26.so
7f111308a000-7f1113289000 ---p 0014b000 08:15 1179482                    /usr/lib/libm-2.26.so
7f1113289000-7f111328a000 r--p 0014a000 08:15 1179482                    /usr/lib/libm-2.26.so
7f111328a000-7f111328b000 rw-p 0014b000 08:15 1179482                    /usr/lib/libm-2.26.so
7f111328b000-7f1113f2e000 r-xp 00000000 08:15 419802                     /usr/lib/jvm/java-8-openjdk/jre/lib/amd64/server/libjvm.so
7f1113f2e000-7f111412e000 ---p 00ca3000 08:15 419802                     /usr/lib/jvm/java-8-openjdk/jre/lib/amd64/server/libjvm.so
7f111412e000-7f11141c2000 r--p 00ca3000 08:15 419802                     /usr/lib/jvm/java-8-openjdk/jre/lib/amd64/server/libjvm.so
7f11141c2000-7f11141ea000 rw-p 00d37000 08:15 419802                     /usr/lib/jvm/java-8-openjdk/jre/lib/amd64/server/libjvm.so
7f11141ea000-7f111421b000 rw-p 00000000 00:00 0 
7f111421b000-7f11143c9000 r-xp 00000000 08:15 1179544                    /usr/lib/libc-2.26.so
7f11143c9000-7f11145c8000 ---p 001ae000 08:15 1179544                    /usr/lib/libc-2.26.so
7f11145c8000-7f11145cc000 r--p 001ad000 08:15 1179544                    /usr/lib/libc-2.26.so
7f11145cc000-7f11145ce000 rw-p 001b1000 08:15 1179544                    /usr/lib/libc-2.26.so
7f11145ce000-7f11145d2000 rw-p 00000000 00:00 0 
7f11145d2000-7f11145d5000 r-xp 00000000 08:15 1179483                    /usr/lib/libdl-2.26.so
7f11145d5000-7f11147d4000 ---p 00003000 08:15 1179483                    /usr/lib/libdl-2.26.so
7f11147d4000-7f11147d5000 r--p 00002000 08:15 1179483                    /usr/lib/libdl-2.26.so
7f11147d5000-7f11147d6000 rw-p 00003000 08:15 1179483                    /usr/lib/libdl-2.26.so
7f11147d6000-7f11147e4000 r-xp 00000000 08:15 419805                     /usr/lib/jvm/java-8-openjdk/jre/lib/amd64/jli/libjli.so
7f11147e4000-7f11149e3000 ---p 0000e000 08:15 419805                     /usr/lib/jvm/java-8-openjdk/jre/lib/amd64/jli/libjli.so
7f11149e3000-7f11149e4000 r--p 0000d000 08:15 419805                     /usr/lib/jvm/java-8-openjdk/jre/lib/amd64/jli/libjli.so
7f11149e4000-7f11149e5000 rw-p 0000e000 08:15 419805                     /usr/lib/jvm/java-8-openjdk/jre/lib/amd64/jli/libjli.so
7f11149e5000-7f11149fb000 r-xp 00000000 08:15 1190439                    /usr/lib/libz.so.1.2.11
7f11149fb000-7f1114bfa000 ---p 00016000 08:15 1190439                    /usr/lib/libz.so.1.2.11
7f1114bfa000-7f1114bfb000 r--p 00015000 08:15 1190439                    /usr/lib/libz.so.1.2.11
7f1114bfb000-7f1114bfc000 rw-p 00016000 08:15 1190439                    /usr/lib/libz.so.1.2.11
7f1114bfc000-7f1114c15000 r-xp 00000000 08:15 1179565                    /usr/lib/libpthread-2.26.so
7f1114c15000-7f1114e14000 ---p 00019000 08:15 1179565                    /usr/lib/libpthread-2.26.so
7f1114e14000-7f1114e15000 r--p 00018000 08:15 1179565                    /usr/lib/libpthread-2.26.so
7f1114e15000-7f1114e16000 rw-p 00019000 08:15 1179565                    /usr/lib/libpthread-2.26.so
7f1114e16000-7f1114e1a000 rw-p 00000000 00:00 0 
7f1114e1a000-7f1114e3f000 r-xp 00000000 08:15 1179545                    /usr/lib/ld-2.26.so
7f1114e40000-7f1114f0b000 rw-p 00000000 00:00 0 
7f1114f0b000-7f1114f0e000 ---p 00000000 00:00 0 
7f1114f0e000-7f111500e000 rw-p 00000000 00:00 0 
7f111500f000-7f1115010000 rwxp 00000000 00:00 0 
7f1115010000-7f1115011000 rw-s 00000000 00:05 229230                     /drm mm object (deleted)
7f1115011000-7f1115032000 rw-p 00000000 00:00 0 
7f1115032000-7f111503a000 rw-s 00000000 00:26 229222                     /tmp/hsperfdata_kkcckc/5333
7f111503a000-7f111503b000 rw-p 00000000 00:00 0 
7f111503b000-7f111503c000 r--p 00000000 00:00 0 
7f111503c000-7f111503e000 rw-p 00000000 00:00 0 
7f111503e000-7f111503f000 r--p 00024000 08:15 1179545                    /usr/lib/ld-2.26.so
7f111503f000-7f1115040000 rw-p 00025000 08:15 1179545                    /usr/lib/ld-2.26.so
7f1115040000-7f1115041000 rw-p 00000000 00:00 0 
7ffdea767000-7ffdea788000 rw-p 00000000 00:00 0                          [stack]
7ffdea7ae000-7ffdea7b1000 r--p 00000000 00:00 0                          [vvar]
7ffdea7b1000-7ffdea7b3000 r-xp 00000000 00:00 0                          [vdso]
ffffffffff600000-ffffffffff601000 r-xp 00000000 00:00 0                  [vsyscall]

VM Arguments:
java_command: lab1.gui.Gui
java_class_path (initial): /home/kkcckc/NetBeansProjects/lab1/target/classes:/home/kkcckc/.m2/repository/edu/stanford/nlp/stanford-corenlp/3.8.0/stanford-corenlp-3.8.0.jar:/home/kkcckc/.m2/repository/com/apple/AppleJavaExtensions/1.4/AppleJavaExtensions-1.4.jar:/home/kkcckc/.m2/repository/de/jollyday/jollyday/0.4.9/jollyday-0.4.9.jar:/home/kkcckc/.m2/repository/javax/xml/bind/jaxb-api/2.2.7/jaxb-api-2.2.7.jar:/home/kkcckc/.m2/repository/org/apache/commons/commons-lang3/3.3.1/commons-lang3-3.3.1.jar:/home/kkcckc/.m2/repository/org/apache/lucene/lucene-queryparser/4.10.3/lucene-queryparser-4.10.3.jar:/home/kkcckc/.m2/repository/org/apache/lucene/lucene-sandbox/4.10.3/lucene-sandbox-4.10.3.jar:/home/kkcckc/.m2/repository/org/apache/lucene/lucene-analyzers-common/4.10.3/lucene-analyzers-common-4.10.3.jar:/home/kkcckc/.m2/repository/org/apache/lucene/lucene-queries/4.10.3/lucene-queries-4.10.3.jar:/home/kkcckc/.m2/repository/org/apache/lucene/lucene-core/4.10.3/lucene-core-4.10.3.jar:/home/kkcckc/.m2/repository/javax/servlet/javax.servlet-api/3.0.1/javax.servlet-api-3.0.1.jar:/home/kkcckc/.m2/repository/com/io7m/xom/xom/1.2.10/xom-1.2.10.jar:/home/kkcckc/.m2/repository/xml-apis/xml-apis/1.3.03/xml-apis-1.3.03.jar:/home/kkcckc/.m2/repository/xerces/xercesImpl/2.8.0/xercesImpl-2.8.0.jar:/home/kkcckc/.m2/repository/xalan/xalan/2.7.0/xalan-2.7.0.jar:/home/kkcckc/.m2/repository/joda-time/joda-time/2.9.4/joda-time-2.9.4.jar:/home/kkcckc/.m2/repository/com/googlecode/efficient-java-matrix-library/ejml/0.23/ejml-0.23.jar:/home/kkcckc/.m2/repository/org/glassfish/javax.json/1.0.4/javax.json-1.0.4.jar:/home/kkcckc/.m2/repository/org/slf4j/slf4j-api/1.7.12/slf4j-api-1.7.12.jar:/home/kkcckc/.m2/repository/com/google/protobuf/protobuf-java/3.2.0/protobuf-java-3.2.0.jar:/home/kkcckc/.m2/repository/edu/stanford/nlp/stanford-corenlp/3.8.0/stanford-corenlp-3.8.0-models.jar:/home/kkcckc/.m2/repository/com/jfoenix/jfoenix/1.8.0/jfoenix-1.8.0.jar:/home/kkcckc/.m2/repository/de/jensd/fonta
Launcher Type: SUN_STANDARD

Environment Variables:
JAVA_HOME=/usr/lib/jvm/default
PATH=/usr/local/sbin:/usr/local/bin:/usr/bin:/usr/lib/jvm/default/bin:/usr/bin/site_perl:/usr/bin/vendor_perl:/usr/bin/core_perl
LD_LIBRARY_PATH=/usr/lib/jvm/default/bin/../jre/lib/amd64:/usr/lib/jvm/default/bin/../jre/lib/i386:
SHELL=/bin/zsh
DISPLAY=:0.0

Signal Handlers:
SIGSEGV: [libjvm.so+0xaa46c0], sa_mask[0]=11111111011111111101111111111110, sa_flags=SA_RESTART|SA_SIGINFO
SIGBUS: [libjvm.so+0xaa46c0], sa_mask[0]=11111111011111111101111111111110, sa_flags=SA_RESTART|SA_SIGINFO
SIGFPE: [libjvm.so+0x8dc3d0], sa_mask[0]=11111111011111111101111111111110, sa_flags=SA_RESTART|SA_SIGINFO
SIGPIPE: SIG_IGN, sa_mask[0]=00000000000010000000000000000000, sa_flags=SA_RESTART
SIGXFSZ: [libjvm.so+0x8dc3d0], sa_mask[0]=11111111011111111101111111111110, sa_flags=SA_RESTART|SA_SIGINFO
SIGILL: [libjvm.so+0x8dc3d0], sa_mask[0]=11111111011111111101111111111110, sa_flags=SA_RESTART|SA_SIGINFO
SIGUSR1: SIG_DFL, sa_mask[0]=00000000000000000000000000000000, sa_flags=none
SIGUSR2: [libjvm.so+0x8dc280], sa_mask[0]=00100000000000000000000000000000, sa_flags=SA_RESTART|SA_SIGINFO
SIGHUP: [libjvm.so+0x8dc730], sa_mask[0]=11111111011111111101111111111110, sa_flags=SA_RESTART|SA_SIGINFO
SIGINT: SIG_IGN, sa_mask[0]=00000000000000000000000000000000, sa_flags=none
SIGTERM: [libjvm.so+0x8dc730], sa_mask[0]=11111111011111111101111111111110, sa_flags=SA_RESTART|SA_SIGINFO
SIGQUIT: [libjvm.so+0x8dc730], sa_mask[0]=11111111011111111101111111111110, sa_flags=SA_RESTART|SA_SIGINFO


---------------  S Y S T E M  ---------------

OS:LSB_VERSION=1.4
DISTRIB_ID=Arch
DISTRIB_RELEASE=rolling
DISTRIB_DESCRIPTION="Arch Linux"

uname:Linux 4.12.13-1-ARCH #1 SMP PREEMPT Fri Sep 15 06:36:43 UTC 2017 x86_64
libc:glibc 2.26 NPTL 2.26 
rlimit: STACK 8192k, CORE infinity, NPROC 31300, NOFILE 4096, AS infinity
load average:0.35 0.22 0.13

/proc/meminfo:
MemTotal:        8099528 kB
MemFree:         2269800 kB
MemAvailable:    4054100 kB
Buffers:          201072 kB
Cached:          2370156 kB
SwapCached:            0 kB
Active:          3699464 kB
Inactive:        1859472 kB
Active(anon):    2989628 kB
Inactive(anon):   603304 kB
Active(file):     709836 kB
Inactive(file):  1256168 kB
Unevictable:         160 kB
Mlocked:             160 kB
SwapTotal:             0 kB
SwapFree:              0 kB
Dirty:              2720 kB
Writeback:             0 kB
AnonPages:       2969964 kB
Mapped:           381456 kB
Shmem:            605000 kB
Slab:             118108 kB
SReclaimable:      83296 kB
SUnreclaim:        34812 kB
KernelStack:        8668 kB
PageTables:        20908 kB
NFS_Unstable:          0 kB
Bounce:                0 kB
WritebackTmp:          0 kB
CommitLimit:     4049764 kB
Committed_AS:    4806792 kB
VmallocTotal:   34359738367 kB
VmallocUsed:           0 kB
VmallocChunk:          0 kB
HardwareCorrupted:     0 kB
AnonHugePages:   2058240 kB
ShmemHugePages:        0 kB
ShmemPmdMapped:        0 kB
HugePages_Total:       0
HugePages_Free:        0
HugePages_Rsvd:        0
HugePages_Surp:        0
Hugepagesize:       2048 kB
DirectMap4k:      135808 kB
DirectMap2M:     8173568 kB
DirectMap1G:     1048576 kB


CPU:total 8 (initial active 8) (4 cores per cpu, 2 threads per core) family 6 model 60 stepping 3, cmov, cx8, fxsr, mmx, sse, sse2, sse3, ssse3, sse4.1, sse4.2, popcnt, avx, avx2, aes, clmul, erms, lzcnt, ht, tsc, tscinvbit, bmi1, bmi2

/proc/cpuinfo:
processor	: 0
vendor_id	: GenuineIntel
cpu family	: 6
model		: 60
model name	: Intel(R) Core(TM) i7-4710MQ CPU @ 2.50GHz
stepping	: 3
microcode	: 0x22
cpu MHz		: 2499.847
cache size	: 6144 KB
physical id	: 0
siblings	: 8
core id		: 0
cpu cores	: 4
apicid		: 0
initial apicid	: 0
fpu		: yes
fpu_exception	: yes
cpuid level	: 13
wp		: yes
flags		: fpu vme de pse tsc msr pae mce cx8 apic sep mtrr pge mca cmov pat pse36 clflush dts acpi mmx fxsr sse sse2 ss ht tm pbe syscall nx pdpe1gb rdtscp lm constant_tsc arch_perfmon pebs bts rep_good nopl xtopology nonstop_tsc cpuid aperfmperf pni pclmulqdq dtes64 monitor ds_cpl vmx est tm2 ssse3 sdbg fma cx16 xtpr pdcm pcid sse4_1 sse4_2 movbe popcnt tsc_deadline_timer aes xsave avx f16c rdrand lahf_lm abm cpuid_fault epb tpr_shadow vnmi flexpriority ept vpid fsgsbase tsc_adjust bmi1 avx2 smep bmi2 erms invpcid xsaveopt dtherm arat pln pts
bugs		:
bogomips	: 4990.77
clflush size	: 64
cache_alignment	: 64
address sizes	: 39 bits physical, 48 bits virtual
power management:

processor	: 1
vendor_id	: GenuineIntel
cpu family	: 6
model		: 60
model name	: Intel(R) Core(TM) i7-4710MQ CPU @ 2.50GHz
stepping	: 3
microcode	: 0x22
cpu MHz		: 2499.847
cache size	: 6144 KB
physical id	: 0
siblings	: 8
core id		: 0
cpu cores	: 4
apicid		: 1
initial apicid	: 1
fpu		: yes
fpu_exception	: yes
cpuid level	: 13
wp		: yes
flags		: fpu vme de pse tsc msr pae mce cx8 apic sep mtrr pge mca cmov pat pse36 clflush dts acpi mmx fxsr sse sse2 ss ht tm pbe syscall nx pdpe1gb rdtscp lm constant_tsc arch_perfmon pebs bts rep_good nopl xtopology nonstop_tsc cpuid aperfmperf pni pclmulqdq dtes64 monitor ds_cpl vmx est tm2 ssse3 sdbg fma cx16 xtpr pdcm pcid sse4_1 sse4_2 movbe popcnt tsc_deadline_timer aes xsave avx f16c rdrand lahf_lm abm cpuid_fault epb tpr_shadow vnmi flexpriority ept vpid fsgsbase tsc_adjust bmi1 avx2 smep bmi2 erms invpcid xsaveopt dtherm arat pln pts
bugs		:
bogomips	: 4992.91
clflush size	: 64
cache_alignment	: 64
address sizes	: 39 bits physical, 48 bits virtual
power management:

processor	: 2
vendor_id	: GenuineIntel
cpu family	: 6
model		: 60
model name	: Intel(R) Core(TM) i7-4710MQ CPU @ 2.50GHz
stepping	: 3
microcode	: 0x22
cpu MHz		: 2499.847
cache size	: 6144 KB
physical id	: 0
siblings	: 8
core id		: 1
cpu cores	: 4
apicid		: 2
initial apicid	: 2
fpu		: yes
fpu_exception	: yes
cpuid level	: 13
wp		: yes
flags		: fpu vme de pse tsc msr pae mce cx8 apic sep mtrr pge mca cmov pat pse36 clflush dts acpi mmx fxsr sse sse2 ss ht tm pbe syscall nx pdpe1gb rdtscp lm constant_tsc arch_perfmon pebs bts rep_good nopl xtopology nonstop_tsc cpuid aperfmperf pni pclmulqdq dtes64 monitor ds_cpl vmx est tm2 ssse3 sdbg fma cx16 xtpr pdcm pcid sse4_1 sse4_2 movbe popcnt tsc_deadline_timer aes xsave avx f16c rdrand lahf_lm abm cpuid_fault epb tpr_shadow vnmi flexpriority ept vpid fsgsbase tsc_adjust bmi1 avx2 smep bmi2 erms invpcid xsaveopt dtherm arat pln pts
bugs		:
bogomips	: 4992.12
clflush size	: 64
cache_alignment	: 64
address sizes	: 39 bits physical, 48 bits virtual
power management:

processor	: 3
vendor_id	: GenuineIntel
cpu family	: 6
model		: 60
model name	: Intel(R) Core(TM) i7-4710MQ CPU @ 2.50GHz
stepping	: 3
microcode	: 0x22
cpu MHz		: 2499.847
cache size	: 6144 KB
physical id	: 0
siblings	: 8
core id		: 1
cpu cores	: 4
apicid		: 3
initial apicid	: 3
fpu		: yes
fpu_exception	: yes
cpuid level	: 13
wp		: yes
flags		: fpu vme de pse tsc msr pae mce cx8 apic sep mtrr pge mca cmov pat pse36 clflush dts acpi mmx fxsr sse sse2 ss ht tm pbe syscall nx pdpe1gb rdtscp lm constant_tsc arch_perfmon pebs bts rep_good nopl xtopology nonstop_tsc cpuid aperfmperf pni pclmulqdq dtes64 monitor ds_cpl vmx est tm2 ssse3 sdbg fma cx16 xtpr pdcm pcid sse4_1 sse4_2 movbe popcnt tsc_deadline_timer aes xsave avx f16c rdrand lahf_lm abm cpuid_fault epb tpr_shadow vnmi flexpriority ept vpid fsgsbase tsc_adjust bmi1 avx2 smep bmi2 erms invpcid xsaveopt dtherm arat pln pts
bugs		:
bogomips	: 4992.17
clflush size	: 64
cache_alignment	: 64
address sizes	: 39 bits physical, 48 bits virtual
power management:

processor	: 4
vendor_id	: GenuineIntel
cpu family	: 6
model		: 60
model name	: Intel(R) Core(TM) i7-4710MQ CPU @ 2.50GHz
stepping	: 3
microcode	: 0x22
cpu MHz		: 2499.847
cache size	: 6144 KB
physical id	: 0
siblings	: 8
core id		: 2
cpu cores	: 4
apicid		: 4
initial apicid	: 4
fpu		: yes
fpu_exception	: yes
cpuid level	: 13
wp		: yes
flags		: fpu vme de pse tsc msr pae mce cx8 apic sep mtrr pge mca cmov pat pse36 clflush dts acpi mmx fxsr sse sse2 ss ht tm pbe syscall nx pdpe1gb rdtscp lm constant_tsc arch_perfmon pebs bts rep_good nopl xtopology nonstop_tsc cpuid aperfmperf pni pclmulqdq dtes64 monitor ds_cpl vmx est tm2 ssse3 sdbg fma cx16 xtpr pdcm pcid sse4_1 sse4_2 movbe popcnt tsc_deadline_timer aes xsave avx f16c rdrand lahf_lm abm cpuid_fault epb tpr_shadow vnmi flexpriority ept vpid fsgsbase tsc_adjust bmi1 avx2 smep bmi2 erms invpcid xsaveopt dtherm arat pln pts
bugs		:
bogomips	: 4992.22
clflush size	: 64
cache_alignment	: 64
address sizes	: 39 bits physical, 48 bits virtual
power management:

processor	: 5
vendor_id	: GenuineIntel
cpu family	: 6
model		: 60
model name	: Intel(R) Core(TM) i7-4710MQ CPU @ 2.50GHz
stepping	: 3
microcode	: 0x22
cpu MHz		: 2500.000
cache size	: 6144 KB
physical id	: 0
siblings	: 8
core id		: 2
cpu cores	: 4
apicid		: 5
initial apicid	: 5
fpu		: yes
fpu_exception	: yes
cpuid level	: 13
wp		: yes
flags		: fpu vme de pse tsc msr pae mce cx8 apic sep mtrr pge mca cmov pat pse36 clflush dts acpi mmx fxsr sse sse2 ss ht tm pbe syscall nx pdpe1gb rdtscp lm constant_tsc arch_perfmon pebs bts rep_good nopl xtopology nonstop_tsc cpuid aperfmperf pni pclmulqdq dtes64 monitor ds_cpl vmx est tm2 ssse3 sdbg fma cx16 xtpr pdcm pcid sse4_1 sse4_2 movbe popcnt tsc_deadline_timer aes xsave avx f16c rdrand lahf_lm abm cpuid_fault epb tpr_shadow vnmi flexpriority ept vpid fsgsbase tsc_adjust bmi1 avx2 smep bmi2 erms invpcid xsaveopt dtherm arat pln pts
bugs		:
bogomips	: 4992.19
clflush size	: 64
cache_alignment	: 64
address sizes	: 39 bits physical, 48 bits virtual
power management:

processor	: 6
vendor_id	: GenuineIntel
cpu family	: 6
model		: 60
model name	: Intel(R) Core(TM) i7-4710MQ CPU @ 2.50GHz
stepping	: 3
microcode	: 0x22
cpu MHz		: 2500.000
cache size	: 6144 KB
physical id	: 0
siblings	: 8
core id		: 3
cpu cores	: 4
apicid		: 6
initial apicid	: 6
fpu		: yes
fpu_exception	: yes
cpuid level	: 13
wp		: yes
flags		: fpu vme de pse tsc msr pae mce cx8 apic sep mtrr pge mca cmov pat pse36 clflush dts acpi mmx fxsr sse sse2 ss ht tm pbe syscall nx pdpe1gb rdtscp lm constant_tsc arch_perfmon pebs bts rep_good nopl xtopology nonstop_tsc cpuid aperfmperf pni pclmulqdq dtes64 monitor ds_cpl vmx est tm2 ssse3 sdbg fma cx16 xtpr pdcm pcid sse4_1 sse4_2 movbe popcnt tsc_deadline_timer aes xsave avx f16c rdrand lahf_lm abm cpuid_fault epb tpr_shadow vnmi flexpriority ept vpid fsgsbase tsc_adjust bmi1 avx2 smep bmi2 erms invpcid xsaveopt dtherm arat pln pts
bugs		:
bogomips	: 4992.16
clflush size	: 64
cache_alignment	: 64
address sizes	: 39 bits physical, 48 bits virtual
power management:

processor	: 7
vendor_id	: GenuineIntel
cpu family	: 6
model		: 60
model name	: Intel(R) Core(TM) i7-4710MQ CPU @ 2.50GHz
stepping	: 3
microcode	: 0x22
cpu MHz		: 2500.000
cache size	: 6144 KB
physical id	: 0
siblings	: 8
core id		: 3
cpu cores	: 4
apicid		: 7
initial apicid	: 7
fpu		: yes
fpu_exception	: yes
cpuid level	: 13
wp		: yes
flags		: fpu vme de pse tsc msr pae mce cx8 apic sep mtrr pge mca cmov pat pse36 clflush dts acpi mmx fxsr sse sse2 ss ht tm pbe syscall nx pdpe1gb rdtscp lm constant_tsc arch_perfmon pebs bts rep_good nopl xtopology nonstop_tsc cpuid aperfmperf pni pclmulqdq dtes64 monitor ds_cpl vmx est tm2 ssse3 sdbg fma cx16 xtpr pdcm pcid sse4_1 sse4_2 movbe popcnt tsc_deadline_timer aes xsave avx f16c rdrand lahf_lm abm cpuid_fault epb tpr_shadow vnmi flexpriority ept vpid fsgsbase tsc_adjust bmi1 avx2 smep bmi2 erms invpcid xsaveopt dtherm arat pln pts
bugs		:
bogomips	: 4992.59
clflush size	: 64
cache_alignment	: 64
address sizes	: 39 bits physical, 48 bits virtual
power management:



Memory: 4k page, physical 8099528k(2271604k free), swap 0k(0k free)

vm_info: OpenJDK 64-Bit Server VM (25.144-b01) for linux-amd64 JRE (1.8.0_144-b01), built on Jul 28 2017 20:07:18 by "builduser" with gcc 7.1.1 20170630

time: Tue Sep 19 15:41:44 2017
elapsed time: 94 seconds (0d 0h 1m 34s)

